<?xml version="1.0" encoding="utf-8"?><testsuites name="pytest tests"><testsuite name="pytest" errors="0" failures="0" skipped="60" tests="1673" time="399.684" timestamp="2026-06-07T00:21:58.553841-06:00" hostname="arash-N60-640"><testcase classname="tests.test_annotate_video_v2160" name="test_make_synthetic_video_writes_mp4" time="0.364" /><testcase classname="tests.test_annotate_video_v2160" name="test_annotate_video_missing_video_emits_structured" time="0.347" /><testcase classname="tests.test_annotate_video_v2160" name="test_annotate_video_open_failed_emits_structured" time="0.362" /><testcase classname="tests.test_annotate_video_v2160" name="test_annotate_video_mock_detect_success" time="1.801" /><testcase classname="tests.test_api_auth" name="test_health_does_not_require_auth" time="0.033" /><testcase classname="tests.test_api_auth" name="test_predict_rejects_without_key" time="0.024" /><testcase classname="tests.test_api_auth" name="test_predict_accepts_bearer" time="0.249" /><testcase classname="tests.test_api_auth" name="test_predict_accepts_x_api_key" time="0.021" /><testcase classname="tests.test_api_auth" name="test_predict_rejects_bad_key" time="0.018" /><testcase classname="tests.test_api_auth" name="test_request_too_large" time="0.018" /><testcase classname="tests.test_api_auth" name="test_task_mismatch_returns_error" time="0.020" /><testcase classname="tests.test_api_auth" name="test_url_inputs_disabled_by_default" time="0.018" /><testcase classname="tests.test_api_auth" name="test_base64_input_works" time="0.023" /><testcase classname="tests.test_auto_pull" name="test_missing_model_without_autopull_returns_clear_error" time="0.019" /><testcase classname="tests.test_auto_pull" name="test_public_mode_autopull_requires_auth" time="0.019" /><testcase classname="tests.test_auto_pull" name="test_manual_pull_endpoint_returns_clear_error_for_external_models" time="0.019" /><testcase classname="tests.test_auto_pull" name="test_manual_pull_endpoint_returns_clear_error_for_manual_models" time="0.020" /><testcase classname="tests.test_auto_pull" name="test_jobs_endpoint_404_for_missing" time="0.018" /><testcase classname="tests.test_auto_pull" name="test_pull_endpoint_synchronous_synthetic_model" time="0.022" /><testcase classname="tests.test_auto_pull" name="test_predict_returns_enriched_envelope" time="0.020" /><testcase classname="tests.test_benchmark_anomaly" name="test_compute_auroc_perfect_separation" time="0.002" /><testcase classname="tests.test_benchmark_anomaly" name="test_compute_auroc_empty_returns_none" time="0.002" /><testcase classname="tests.test_benchmark_anomaly" name="test_compute_auroc_random_chance" time="0.002" /><testcase classname="tests.test_benchmark_anomaly" name="test_cli_missing_anomalib_returns_structured_error" time="0.004" /><testcase classname="tests.test_benchmark_anomaly" name="test_cli_missing_dataset_path" time="0.003" /><testcase classname="tests.test_benchmark_anomaly" name="test_cli_mvtec_fixture_anomalib_api_failure" time="3.009" /><testcase classname="tests.test_benchmark_anomaly" name="test_anomaly_result_to_dict" time="0.002" /><testcase classname="tests.test_benchmark_anomaly" name="test_iter_images" time="0.003" /><testcase classname="tests.test_benchmark_candidates_v2170" name="test_clean_candidates_exclude_mock_detect" time="0.435" /><testcase classname="tests.test_benchmark_candidates_v2170" name="test_clean_candidates_exclude_dfine_aliases" time="0.419" /><testcase classname="tests.test_benchmark_candidates_v2170" name="test_clean_candidates_have_canonical_metadata" time="0.419" /><testcase classname="tests.test_benchmark_candidates_v2170" name="test_clean_candidates_exclude_unwired_stubs" time="0.446" /><testcase classname="tests.test_benchmark_candidates_v2170" name="test_clean_candidates_include_real_rfdetr" time="0.419" /><testcase classname="tests.test_benchmark_candidates_v2170" name="test_clean_candidates_total_counts" time="0.418" /><testcase classname="tests.test_benchmark_candidates_v2170" name="test_open_vocab_excluded_by_default" time="0.446" /><testcase classname="tests.test_benchmark_candidates_v2170" name="test_include_aliases_keeps_alias_rows" time="0.418" /><testcase classname="tests.test_benchmark_candidates_v2170" name="test_unsupported_task_returns_expected_blocker" time="0.344" /><testcase classname="tests.test_benchmark_classification" name="test_load_folder_dataset" time="0.003" /><testcase classname="tests.test_benchmark_classification" name="test_load_csv_dataset" time="0.002" /><testcase classname="tests.test_benchmark_classification" name="test_load_dataset_max_images" time="0.002" /><testcase classname="tests.test_benchmark_classification" name="test_load_dataset_missing_folder" time="0.002" /><testcase classname="tests.test_benchmark_classification" name="test_load_dataset_unsupported_spec" time="0.002" /><testcase classname="tests.test_benchmark_classification" name="test_quantile_empty" time="0.002" /><testcase classname="tests.test_benchmark_classification" name="test_quantile_median" time="0.002" /><testcase classname="tests.test_benchmark_classification" name="test_cli_invalid_dataset" time="0.003" /><testcase classname="tests.test_benchmark_classification" name="test_cli_unsupported_spec_returns_error" time="0.003" /><testcase classname="tests.test_benchmark_classification" name="test_cli_mocked_model_writes_json" time="0.004" /><testcase classname="tests.test_benchmark_classification" name="test_cli_mocked_model_top1_correct" time="0.005" /><testcase classname="tests.test_benchmark_detection_persistent_v2170" name="test_build_v217_row_full_scope_evaluation_scope" time="0.002" /><testcase classname="tests.test_benchmark_detection_persistent_v2170" name="test_build_v217_row_diagnostic_6_when_partial" time="0.002" /><testcase classname="tests.test_benchmark_detection_persistent_v2170" name="test_gpu_sampler_never_raises_when_nvidia_smi_missing" time="0.002" /><testcase classname="tests.test_benchmark_detection_persistent_v2170" name="test_gpu_sampler_summary_fields_present" time="0.002" /><testcase classname="tests.test_benchmark_detection_persistent_v2170" name="test_persistent_benchmark_mock_detect_load_count_one" time="0.630" /><testcase classname="tests.test_benchmark_detection_persistent_v2170" name="test_persistent_benchmark_require_gpu_blocks_cpu" time="0.627" /><testcase classname="tests.test_benchmark_detection_persistent_v2170" name="test_benchmark_detection_help_lists_v217_flags" time="0.375" /><testcase classname="tests.test_benchmark_detection_persistent_v2170" name="test_benchmark_detection_rejects_only_mocks" time="0.353" /><testcase classname="tests.test_benchmark_detection_persistent_v2170" name="test_benchmark_detection_cli_persistent_path_writes_schema" time="1.434" /><testcase classname="tests.test_benchmark_smoke" name="test_mock_detect_benchmark_timing" time="0.000"><skipped type="pytest.skip" message="benchmark tests disabled by default; set VISIONSERVEX_RUN_BENCHMARK_TESTS=1">/home/arash/PycharmProjects/VisionServeX/tests/test_benchmark_smoke.py:23: benchmark tests disabled by default; set VISIONSERVEX_RUN_BENCHMARK_TESTS=1</skipped></testcase><testcase classname="tests.test_benchmark_smoke" name="test_mock_segment_benchmark" time="0.000"><skipped type="pytest.skip" message="benchmark tests disabled by default; set VISIONSERVEX_RUN_BENCHMARK_TESTS=1">/home/arash/PycharmProjects/VisionServeX/tests/test_benchmark_smoke.py:58: benchmark tests disabled by default; set VISIONSERVEX_RUN_BENCHMARK_TESTS=1</skipped></testcase><testcase classname="tests.test_benchmark_smoke" name="test_real_model_benchmark_smoke" time="0.000"><skipped type="pytest.skip" message="real model weights not available; set VISIONSERVEX_RUN_REAL_MODEL_TESTS=1">/home/arash/PycharmProjects/VisionServeX/tests/test_benchmark_smoke.py:81: real model weights not available; set VISIONSERVEX_RUN_REAL_MODEL_TESTS=1</skipped></testcase><testcase classname="tests.test_benchmark_surveillance" name="test_surveillance_result_to_dict" time="0.002" /><testcase classname="tests.test_benchmark_surveillance" name="test_cli_missing_index_returns_structured_error" time="0.005" /><testcase classname="tests.test_benchmark_surveillance" name="test_cli_self_retrieval_smoke" time="0.003" /><testcase classname="tests.test_benchmark_surveillance" name="test_cli_labeled_queries_produce_map" time="0.003" /><testcase classname="tests.test_benchmark_surveillance" name="test_cli_empty_index_returns_error" time="0.003" /><testcase classname="tests.test_benchmark_surveillance" name="test_quantile" time="0.002" /><testcase classname="tests.test_ci_fast_excludes_heavy_v235" name="test_pyproject_has_all_required_markers" time="0.002" /><testcase classname="tests.test_ci_fast_excludes_heavy_v235" name="test_ci_yml_excludes_heavy_tests" time="0.002" /><testcase classname="tests.test_classic_smart_refine" name="test_all_eight_methods_registered" time="0.002" /><testcase classname="tests.test_classic_smart_refine" name="test_method_runs_and_returns_contract[classic-edge-plus]" time="0.018" /><testcase classname="tests.test_classic_smart_refine" name="test_method_runs_and_returns_contract[classic-grabcut]" time="0.017" /><testcase classname="tests.test_classic_smart_refine" name="test_method_runs_and_returns_contract[classic-intelligent-scissors]" time="0.040" /><testcase classname="tests.test_classic_smart_refine" name="test_method_runs_and_returns_contract[classic-interactive-rf]" time="0.083" /><testcase classname="tests.test_classic_smart_refine" name="test_method_runs_and_returns_contract[classic-marker-watershed]" time="0.004" /><testcase classname="tests.test_classic_smart_refine" name="test_method_runs_and_returns_contract[classic-random-walker]" time="0.036" /><testcase classname="tests.test_classic_smart_refine" name="test_method_runs_and_returns_contract[classic-slic-graphcut]" time="0.035" /><testcase classname="tests.test_classic_smart_refine" name="test_method_runs_and_returns_contract[classic-slic-rf-smooth]" time="0.037" /><testcase classname="tests.test_classic_smart_refine" name="test_license_safe_dependencies_only" time="0.002" /><testcase classname="tests.test_classic_smart_refine" name="test_metrics_basics" time="0.003" /><testcase classname="tests.test_classic_smart_refine" name="test_prompt_parsing" time="0.002" /><testcase classname="tests.test_classic_smart_refine" name="test_unknown_method_and_empty_prompt_raise" time="0.003" /><testcase classname="tests.test_clean_install" name="test_clean_venv_visionservex_version" time="0.000"><skipped type="pytest.skip" message="real model weights not available; set VISIONSERVEX_RUN_REAL_MODEL_TESTS=1">/home/arash/PycharmProjects/VisionServeX/tests/test_clean_install.py:46: real model weights not available; set VISIONSERVEX_RUN_REAL_MODEL_TESTS=1</skipped></testcase><testcase classname="tests.test_clean_install" name="test_clean_venv_help_does_not_crash" time="0.000"><skipped type="pytest.skip" message="real model weights not available; set VISIONSERVEX_RUN_REAL_MODEL_TESTS=1">/home/arash/PycharmProjects/VisionServeX/tests/test_clean_install.py:55: real model weights not available; set VISIONSERVEX_RUN_REAL_MODEL_TESTS=1</skipped></testcase><testcase classname="tests.test_clean_install" name="test_clean_venv_readiness_verdict_release_ok" time="0.000"><skipped type="pytest.skip" message="real model weights not available; set VISIONSERVEX_RUN_REAL_MODEL_TESTS=1">/home/arash/PycharmProjects/VisionServeX/tests/test_clean_install.py:63: real model weights not available; set VISIONSERVEX_RUN_REAL_MODEL_TESTS=1</skipped></testcase><testcase classname="tests.test_clean_install" name="test_clean_venv_load_matrix" time="0.000"><skipped type="pytest.skip" message="real model weights not available; set VISIONSERVEX_RUN_REAL_MODEL_TESTS=1">/home/arash/PycharmProjects/VisionServeX/tests/test_clean_install.py:72: real model weights not available; set VISIONSERVEX_RUN_REAL_MODEL_TESTS=1</skipped></testcase><testcase classname="tests.test_cli" name="test_cli_version" time="0.072" /><testcase classname="tests.test_cli" name="test_cli_doctor_json" time="0.133" /><testcase classname="tests.test_cli" name="test_cli_list_models_json" time="0.075" /><testcase classname="tests.test_cli" name="test_cli_info_unknown_model" time="0.069" /><testcase classname="tests.test_cli" name="test_cli_predict_smoke" time="0.073" /><testcase classname="tests.test_cli_contract_v2160" name="test_classify_alias_help_lists_out_and_format" time="0.361" /><testcase classname="tests.test_cli_contract_v2160" name="test_similarity_alias_help_lists_out_and_format" time="0.359" /><testcase classname="tests.test_cli_contract_v2160" name="test_agriculture_model_card_help_exists" time="0.365" /><testcase classname="tests.test_cli_contract_v2160" name="test_agriculture_model_card_agriclip_returns_expected_blocker" time="0.348" /><testcase classname="tests.test_cli_contract_v2160" name="test_agriculture_model_card_scold_returns_expected_blocker" time="0.347" /><testcase classname="tests.test_cli_contract_v2160" name="test_video_search_tracker_smoke_help_lists_format" time="0.410" /><testcase classname="tests.test_cli_contract_v2160" name="test_video_search_reid_smoke_help_lists_format" time="0.375" /><testcase classname="tests.test_cli_contract_v2160" name="test_benchmark_anomaly_help_lists_format" time="0.367" /><testcase classname="tests.test_cli_contract_v2160" name="test_dev_gpu_profile_help_lists_format" time="0.359" /><testcase classname="tests.test_cli_contract_v2160" name="test_sam_family_validate_sam31_returns_expected_blocker" time="0.344" /><testcase classname="tests.test_cli_hardening_v2190" name="test_version_flag_returns_clean" time="0.369" /><testcase classname="tests.test_cli_hardening_v2190" name="test_short_version_flag" time="0.340" /><testcase classname="tests.test_cli_hardening_v2190" name="test_maxvit_alias_resolves_in_registry" time="0.002" /><testcase classname="tests.test_cli_hardening_v2190" name="test_swinv2_alias_resolves" time="0.002" /><testcase classname="tests.test_cli_hardening_v2190" name="test_dinov2_alias_resolves" time="0.002" /><testcase classname="tests.test_cli_hardening_v2190" name="test_unknown_id_still_raises" time="0.002" /><testcase classname="tests.test_cli_hardening_v2190" name="test_segment_help_lists_v219_flags" time="0.358" /><testcase classname="tests.test_cli_hardening_v2190" name="test_segment_unknown_model_emits_structured_not_usage" time="0.419" /><testcase classname="tests.test_cli_hardening_v2190" name="test_sam_family_smoke_test_help_lists_v219_flags" time="0.402" /><testcase classname="tests.test_cli_hardening_v2190" name="test_sam_family_smoke_test_non_runnable_returns_expected_blocker" time="0.351" /><testcase classname="tests.test_cli_hardening_v2190" name="test_plot_returns_structured_not_implemented" time="0.367" /><testcase classname="tests.test_cli_hardening_v2190" name="test_plot_help_does_not_404" time="0.367" /><testcase classname="tests.test_cli_hardening_v2190" name="test_monai_list_bundles_when_missing_returns_expected_blocker" time="0.345" /><testcase classname="tests.test_cli_hardening_v2190" name="test_classifier_knows_monai_required" time="0.002" /><testcase classname="tests.test_cli_hardening_v2190" name="test_classifier_knows_benchmark_not_implemented" time="0.002" /><testcase classname="tests.test_colab_commands" name="test_in_colab_returns_false_off_colab" time="0.002" /><testcase classname="tests.test_colab_commands" name="test_colab_doctor_not_in_colab_json" time="0.070" /><testcase classname="tests.test_colab_commands" name="test_colab_status_off_colab" time="0.070" /><testcase classname="tests.test_colab_commands" name="test_colab_doctor_simulated_colab_with_gpu" time="0.070" /><testcase classname="tests.test_colab_commands" name="test_colab_doctor_simulated_colab_no_gpu" time="0.070" /><testcase classname="tests.test_colab_commands" name="test_colab_gpu_check_no_gpu_exits_nonzero" time="0.070" /><testcase classname="tests.test_colab_commands" name="test_colab_gpu_check_with_gpu" time="0.071" /><testcase classname="tests.test_colab_commands" name="test_colab_cache_path_ephemeral" time="0.070" /><testcase classname="tests.test_colab_commands" name="test_colab_cache_path_drive" time="0.071" /><testcase classname="tests.test_colab_commands" name="test_colab_setup_cache_drive_not_mounted_fails" time="0.070" /><testcase classname="tests.test_colab_commands" name="test_colab_setup_cache_local" time="0.070" /><testcase classname="tests.test_colab_commands" name="test_colab_token_returns_url_safe_string" time="0.070" /><testcase classname="tests.test_colab_commands" name="test_colab_tunnel_start_refuses_without_auth" time="0.071" /><testcase classname="tests.test_colab_commands" name="test_colab_tunnel_start_refuses_without_acknowledgement" time="0.071" /><testcase classname="tests.test_colab_commands" name="test_colab_tunnel_start_refuses_without_cloudflared" time="0.071" /><testcase classname="tests.test_colab_commands" name="test_colab_test_remote_unreachable" time="0.074" /><testcase classname="tests.test_colab_commands" name="test_colab_gpu_worker_profile_exists" time="0.002" /><testcase classname="tests.test_colab_commands" name="test_colab_gateway_profile_listed" time="0.071" /><testcase classname="tests.test_colab_commands" name="test_colab_help_lists_commands" time="0.085" /><testcase classname="tests.test_config" name="test_default_safe_settings" time="0.003" /><testcase classname="tests.test_config" name="test_env_override" time="0.005" /><testcase classname="tests.test_config" name="test_public_safety_warnings_when_unsafe" time="0.003" /><testcase classname="tests.test_config" name="test_public_safety_no_warnings_when_safe" time="0.003" /><testcase classname="tests.test_config" name="test_yaml_overrides" time="0.003" /><testcase classname="tests.test_debug_output_v2170" name="test_debug_output_help_lists_v217_flags" time="0.364" /><testcase classname="tests.test_debug_output_v2170" name="test_debug_output_mock_detect_writes_json" time="1.318" /><testcase classname="tests.test_debug_output_v2170" name="test_debug_output_emits_drawing_when_draw_supplied" time="1.344" /><testcase classname="tests.test_deimv2_detection_benchmark_schema_v235" name="test_deimv2_benchmark_report_exists" time="0.002" /><testcase classname="tests.test_deimv2_detection_benchmark_schema_v235" name="test_deimv2_benchmark_no_nan" time="0.002" /><testcase classname="tests.test_deimv2_detection_benchmark_schema_v235" name="test_deimv2_x_is_benchmarked" time="0.002" /><testcase classname="tests.test_deimv2_detection_benchmark_schema_v235" name="test_deimv2_family_curve_monotonic" time="0.002" /><testcase classname="tests.test_deimv2_sidecar_create_v235" name="test_deimv2_sidecar_create_report_exists" time="0.002" /><testcase classname="tests.test_deimv2_sidecar_create_v235" name="test_deimv2_checkpoints_downloaded" time="0.002" /><testcase classname="tests.test_deimv2_sidecar_create_v235" name="test_deimv2_sidecar_runs_torch" time="0.000"><skipped type="pytest.skip" message="slow test disabled by default; set VISIONSERVEX_RUN_REAL_MODEL_TESTS=1">/home/arash/PycharmProjects/VisionServeX/tests/test_deimv2_sidecar_create_v235.py:32: slow test disabled by default; set VISIONSERVEX_RUN_REAL_MODEL_TESTS=1</skipped></testcase><testcase classname="tests.test_dev_safety" name="test_heavy_markers_skip_by_default" time="0.002" /><testcase classname="tests.test_dev_safety" name="test_gpu_tests_skip_without_env" time="0.002" /><testcase classname="tests.test_dev_safety" name="test_real_model_tests_skip_without_env" time="0.002" /><testcase classname="tests.test_dev_safety" name="test_download_tests_skip_without_env" time="0.002" /><testcase classname="tests.test_dev_safety" name="test_dev_quick_command_does_not_include_heavy_markers" time="0.002" /><testcase classname="tests.test_dev_safety" name="test_dev_commands_importable" time="0.002" /><testcase classname="tests.test_dev_safety" name="test_dev_commands_app_name" time="0.002" /><testcase classname="tests.test_dev_safety" name="test_cleanup_commands_are_repo_scoped" time="0.004" /><testcase classname="tests.test_dev_safety" name="test_real_model_marker_is_properly_skipped" time="0.000"><skipped type="pytest.skip" message="real model weights not available; set VISIONSERVEX_RUN_REAL_MODEL_TESTS=1">/home/arash/PycharmProjects/VisionServeX/tests/test_dev_safety.py:132: real model weights not available; set VISIONSERVEX_RUN_REAL_MODEL_TESTS=1</skipped></testcase><testcase classname="tests.test_dev_safety" name="test_gpu_marker_is_properly_skipped" time="0.000"><skipped type="pytest.skip" message="GPU not enabled; set VISIONSERVEX_RUN_GPU_TESTS=1 with a healthy GPU">/home/arash/PycharmProjects/VisionServeX/tests/test_dev_safety.py:138: GPU not enabled; set VISIONSERVEX_RUN_GPU_TESTS=1 with a healthy GPU</skipped></testcase><testcase classname="tests.test_dev_safety" name="test_download_marker_is_properly_skipped" time="0.000"><skipped type="pytest.skip" message="download tests disabled by default; set VISIONSERVEX_RUN_DOWNLOAD_TESTS=1">/home/arash/PycharmProjects/VisionServeX/tests/test_dev_safety.py:144: download tests disabled by default; set VISIONSERVEX_RUN_DOWNLOAD_TESTS=1</skipped></testcase><testcase classname="tests.test_dev_safety" name="test_benchmark_marker_is_properly_skipped" time="0.000"><skipped type="pytest.skip" message="benchmark tests disabled by default; set VISIONSERVEX_RUN_BENCHMARK_TESTS=1">/home/arash/PycharmProjects/VisionServeX/tests/test_dev_safety.py:150: benchmark tests disabled by default; set VISIONSERVEX_RUN_BENCHMARK_TESTS=1</skipped></testcase><testcase classname="tests.test_dev_safety" name="test_sidecar_marker_is_properly_skipped" time="0.000"><skipped type="pytest.skip" message="sidecar tests disabled by default; set VISIONSERVEX_RUN_SIDECAR_TESTS=1">/home/arash/PycharmProjects/VisionServeX/tests/test_dev_safety.py:156: sidecar tests disabled by default; set VISIONSERVEX_RUN_SIDECAR_TESTS=1</skipped></testcase><testcase classname="tests.test_dev_safety" name="test_pyproject_markers_include_required_markers" time="0.003" /><testcase classname="tests.test_doctor" name="test_collect_returns_basic_fields" time="0.004" /><testcase classname="tests.test_doctor" name="test_probe_dependencies_includes_known_packages" time="0.003" /><testcase classname="tests.test_doctor" name="test_doctor_json_smoke" time="0.074" /><testcase classname="tests.test_doctor" name="test_devices_command" time="0.070" /><testcase classname="tests.test_doctor_commands_v233" name="test_doctor_returns_structured_json[all-benchmark]" time="3.020" /><testcase classname="tests.test_doctor_commands_v233" name="test_doctor_returns_structured_json[detection]" time="3.355" /><testcase classname="tests.test_doctor_commands_v233" name="test_doctor_returns_structured_json[segmentation]" time="3.214" /><testcase classname="tests.test_doctor_commands_v233" name="test_doctor_returns_structured_json[promptable]" time="1.688" /><testcase classname="tests.test_doctor_commands_v233" name="test_doctor_returns_structured_json[foundation]" time="2.162" /><testcase classname="tests.test_doctor_commands_v233" name="test_doctor_returns_structured_json[dino]" time="2.145" /><testcase classname="tests.test_doctor_commands_v233" name="test_doctor_returns_structured_json[sam3]" time="1.821" /><testcase classname="tests.test_doctor_commands_v233" name="test_doctor_returns_structured_json[grounding-dino15]" time="1.837" /><testcase classname="tests.test_doctor_commands_v233" name="test_doctor_returns_structured_json[florence2]" time="1.750" /><testcase classname="tests.test_doctor_commands_v233" name="test_doctor_returns_structured_json[tracking]" time="1.812" /><testcase classname="tests.test_doctor_commands_v233" name="test_doctor_returns_structured_json[anomaly]" time="0.344" /><testcase classname="tests.test_doctor_commands_v233" name="test_doctor_returns_structured_json[openmmlab]" time="0.342" /><testcase classname="tests.test_doctor_commands_v233" name="test_doctor_sam3_returns_auth_required" time="1.678" /><testcase classname="tests.test_doctor_commands_v233" name="test_doctor_grounding_dino15_returns_api_key_required" time="1.666" /><testcase classname="tests.test_domain_benchmark_v2180" name="test_domain_candidates_medical" time="0.352" /><testcase classname="tests.test_domain_benchmark_v2180" name="test_domain_candidates_agriculture" time="0.343" /><testcase classname="tests.test_domain_benchmark_v2180" name="test_domain_candidates_unknown_domain" time="0.356" /><testcase classname="tests.test_domain_benchmark_v2180" name="test_domain_candidates_all_known_domains_return_ok" time="2.111" /><testcase classname="tests.test_domain_benchmark_v2180" name="test_validate_anomaly_missing_path" time="0.385" /><testcase classname="tests.test_domain_benchmark_v2180" name="test_validate_anomaly_simple_normal_only" time="0.343" /><testcase classname="tests.test_domain_benchmark_v2180" name="test_validate_anomaly_simple_with_normal_and_test" time="0.353" /><testcase classname="tests.test_domain_benchmark_v2180" name="test_validate_agriculture_no_labels" time="0.351" /><testcase classname="tests.test_domain_benchmark_v2180" name="test_validate_medical_2d_no_box_prompts" time="0.350" /><testcase classname="tests.test_domain_benchmark_v2180" name="test_validate_medical_3d_nifti_required" time="0.358" /><testcase classname="tests.test_domain_benchmark_v2180" name="test_validate_aerial_dota_without_obb" time="0.377" /><testcase classname="tests.test_domain_benchmark_v2180" name="test_validate_surveillance_no_media" time="0.343" /><testcase classname="tests.test_domain_benchmark_v2180" name="test_benchmark_medical_returns_not_implemented" time="0.349" /><testcase classname="tests.test_domain_benchmark_v2180" name="test_benchmark_agriculture_needs_labels" time="0.348" /><testcase classname="tests.test_domain_benchmark_v2180" name="test_benchmark_agriculture_routes_to_detection_with_labels" time="0.341" /><testcase classname="tests.test_domain_benchmark_v2180" name="test_benchmark_aerial_dota_blocked" time="0.340" /><testcase classname="tests.test_domain_benchmark_v2180" name="test_benchmark_surveillance_needs_source" time="0.348" /><testcase classname="tests.test_domain_benchmark_v2180" name="test_concurrency_profile_for_rtx_5080" time="0.003" /><testcase classname="tests.test_domain_benchmark_v2180" name="test_concurrency_profile_cli" time="1.075" /><testcase classname="tests.test_domain_benchmark_v2180" name="test_benchmark_concurrency_separate_process_returns_not_supported" time="0.002" /><testcase classname="tests.test_domain_benchmark_v2180" name="test_benchmark_concurrency_mock_detect_shared_model" time="0.633" /><testcase classname="tests.test_download_failed_retryable_v230" name="test_brotli_decoder_error_is_download_failed" time="0.004" /><testcase classname="tests.test_download_failed_retryable_v230" name="test_download_error_traceback_is_expected_blocker" time="0.002" /><testcase classname="tests.test_download_failed_retryable_v230" name="test_predict_failed_brotli_message_is_expected_blocker" time="0.002" /><testcase classname="tests.test_downloads" name="test_synthetic_models_need_no_download" time="0.004" /><testcase classname="tests.test_downloads" name="test_direct_download_succeeds" time="0.509" /><testcase classname="tests.test_downloads" name="test_direct_download_sha_mismatch_removes_file" time="0.510" /><testcase classname="tests.test_downloads" name="test_resume_download" time="0.510" /><testcase classname="tests.test_downloads" name="test_offline_without_cache_fails" time="0.005" /><testcase classname="tests.test_downloads" name="test_manual_download_raises_friendly" time="0.003" /><testcase classname="tests.test_downloads" name="test_external_api_model_raises_friendly" time="0.003" /><testcase classname="tests.test_downloads" name="test_cache_verify_returns_report" time="0.509" /><testcase classname="tests.test_downloads" name="test_cache_clean_frees_bytes" time="0.510" /><testcase classname="tests.test_downloads" name="test_require_auto_download_blocks_non_auto" time="0.507" /><testcase classname="tests.test_downloads" name="test_duplicate_download_shares_lock" time="0.512" /><testcase classname="tests.test_evaluator_framework_v2160" name="test_perfect_predictions_give_ap50_one" time="0.003" /><testcase classname="tests.test_evaluator_framework_v2160" name="test_empty_predictions_give_zero_ap" time="0.002" /><testcase classname="tests.test_evaluator_framework_v2160" name="test_wrong_class_only_gives_zero_class_aware_ap" time="0.002" /><testcase classname="tests.test_evaluator_framework_v2160" name="test_duplicate_predictions_do_not_inflate_ap" time="0.003" /><testcase classname="tests.test_evaluator_framework_v2160" name="test_score_ranked_predictions_have_consistent_ap" time="0.003" /><testcase classname="tests.test_evaluator_framework_v2160" name="test_map50_95_runs_across_iou_thresholds" time="0.005" /><testcase classname="tests.test_evaluator_framework_v2160" name="test_no_ground_truth_does_not_crash" time="0.002" /><testcase classname="tests.test_examples_syntax" name="test_example_compiles[01_check_device.py]" time="0.003" /><testcase classname="tests.test_examples_syntax" name="test_example_compiles[02_list_models.py]" time="0.003" /><testcase classname="tests.test_examples_syntax" name="test_example_compiles[03_download_first_model.py]" time="0.003" /><testcase classname="tests.test_examples_syntax" name="test_example_compiles[04_detect_image.py]" time="0.003" /><testcase classname="tests.test_examples_syntax" name="test_example_compiles[05_segment_image.py]" time="0.003" /><testcase classname="tests.test_examples_syntax" name="test_example_compiles[06_classify_image.py]" time="0.003" /><testcase classname="tests.test_examples_syntax" name="test_example_compiles[07_open_vocab_detect.py]" time="0.003" /><testcase classname="tests.test_examples_syntax" name="test_example_compiles[08_start_api.py]" time="0.002" /><testcase classname="tests.test_examples_syntax" name="test_examples_directory_layout" time="0.002" /><testcase classname="tests.test_extras_all_benchmark_v233" name="test_pyproject_has_all_v233_extras" time="0.002" /><testcase classname="tests.test_extras_all_benchmark_v233" name="test_dino_extra_pins_transformers_456" time="0.002" /><testcase classname="tests.test_florence2_dependency_blocker_v230" name="test_florence2_predict_failed_with_transformers_msg_is_expected_blocker" time="0.002" /><testcase classname="tests.test_florence2_dependency_blocker_v230" name="test_florence2_traceback_with_incompatible_is_expected_blocker" time="0.002" /><testcase classname="tests.test_gpu_profile_v2160" name="test_rtx_5080_is_not_t4_colab" time="0.002" /><testcase classname="tests.test_gpu_profile_v2160" name="test_rtx_4080_desktop_16gb" time="0.004" /><testcase classname="tests.test_gpu_profile_v2160" name="test_rtx_4090_desktop_24gb" time="0.002" /><testcase classname="tests.test_gpu_profile_v2160" name="test_rtx_3090_desktop_24gb" time="0.002" /><testcase classname="tests.test_gpu_profile_v2160" name="test_t4_colab_by_name" time="0.002" /><testcase classname="tests.test_gpu_profile_v2160" name="test_l4_colab_by_name" time="0.002" /><testcase classname="tests.test_gpu_profile_v2160" name="test_a100_colab_by_name" time="0.002" /><testcase classname="tests.test_gpu_profile_v2160" name="test_h100_colab_by_name" time="0.002" /><testcase classname="tests.test_gpu_profile_v2160" name="test_no_gpu_is_cpu_only" time="0.002" /><testcase classname="tests.test_gpu_profile_v2160" name="test_rtx_a4000_workstation_not_l4" time="0.002" /><testcase classname="tests.test_gpu_profile_v2160" name="test_unknown_card_falls_back_by_vram" time="0.002" /><testcase classname="tests.test_gpu_profile_v2160" name="test_all_profiles_are_in_GPU_PROFILES" time="0.002" /><testcase classname="tests.test_gpu_profile_v2160" name="test_detect_gpu_profile_does_not_raise" time="0.002" /><testcase classname="tests.test_gpu_profile_v2160" name="test_dev_gpu_profile_cli" time="1.071" /><testcase classname="tests.test_leaderboard_purity_v2160" name="test_dfine_aliases_resolve_to_o365_coco_canonical" time="0.002" /><testcase classname="tests.test_leaderboard_purity_v2160" name="test_dfine_x_o365_coco_is_canonical_not_alias" time="0.002" /><testcase classname="tests.test_leaderboard_purity_v2160" name="test_unknown_model_passes_through_unchanged" time="0.002" /><testcase classname="tests.test_leaderboard_purity_v2160" name="test_classify_row_marks_alias_and_size" time="0.002" /><testcase classname="tests.test_leaderboard_purity_v2160" name="test_classify_row_marks_diagnostic_6" time="0.003" /><testcase classname="tests.test_leaderboard_purity_v2160" name="test_mock_model_is_excluded_as_MOCK_MODEL" time="0.002" /><testcase classname="tests.test_leaderboard_purity_v2160" name="test_diagnostic_only_is_excluded_as_DIAGNOSTIC_ONLY" time="0.002" /><testcase classname="tests.test_leaderboard_purity_v2160" name="test_nan_metric_is_excluded_as_NAN_METRICS" time="0.002" /><testcase classname="tests.test_leaderboard_purity_v2160" name="test_non_detection_task_is_excluded_as_NOT_DETECTION_TASK" time="0.002" /><testcase classname="tests.test_leaderboard_purity_v2160" name="test_expected_blocker_row_is_excluded_as_EXPECTED_BLOCKER" time="0.002" /><testcase classname="tests.test_leaderboard_purity_v2160" name="test_alias_duplicate_is_collapsed_to_best" time="0.002" /><testcase classname="tests.test_leaderboard_purity_v2160" name="test_clean_leaderboard_has_no_aliases_no_mocks" time="0.003" /><testcase classname="tests.test_leaderboard_purity_v2160" name="test_exclusion_reasons_are_in_closed_set" time="0.002" /><testcase classname="tests.test_leaderboard_purity_v2160" name="test_benchmark_report_clean_cli" time="0.344" /><testcase classname="tests.test_libreyolo_doctor_v230" name="test_libreyolo_doctor_help" time="0.361" /><testcase classname="tests.test_libreyolo_doctor_v230" name="test_libreyolo_doctor_returns_json" time="1.711" /><testcase classname="tests.test_libreyolo_doctor_v230" name="test_libreyolo_doctor_writes_out_file" time="1.708" /><testcase classname="tests.test_libreyolo_doctor_v230" name="test_libreyolo_doctor_no_unstructured_crash" time="1.709" /><testcase classname="tests.test_libreyolo_license_audit_v230" name="test_license_audit_returns_families" time="0.338" /><testcase classname="tests.test_libreyolo_license_audit_v230" name="test_yolox_is_apache_2_0" time="0.335" /><testcase classname="tests.test_libreyolo_license_audit_v230" name="test_yolonas_is_blocked" time="0.339" /><testcase classname="tests.test_libreyolo_license_audit_v230" name="test_yolo9_is_permissive_mit" time="0.339" /><testcase classname="tests.test_libreyolo_license_audit_v230" name="test_dfine_is_permissive_default_safe" time="0.362" /><testcase classname="tests.test_libreyolo_model_discovery_v230" name="test_list_models_returns_weights" time="3.119" /><testcase classname="tests.test_libreyolo_model_discovery_v230" name="test_build_model_map_writes_canonical_rows" time="3.131" /><testcase classname="tests.test_libreyolo_model_discovery_v230" name="test_build_model_map_has_default_safe" time="3.169" /><testcase classname="tests.test_libreyolo_output_normalization_v230" name="test_libreyolo_smoke_output_schema" time="3.186" /><testcase classname="tests.test_libreyolo_smoke_matrix_v230" name="test_libreyolo_default_safe_models_listed" time="0.137" /><testcase classname="tests.test_libreyolo_smoke_matrix_v230" name="test_smoke_matrix_advertised_includes_libreyolo_when_flagged" time="0.003" /><testcase classname="tests.test_libreyolo_smoke_matrix_v230" name="test_libreyolo_smoke_command_uses_libreyolo_subcommand" time="0.002" /><testcase classname="tests.test_libreyolo_smoke_matrix_v230" name="test_libreyolo_default_safe_excludes_yolonas" time="0.003" /><testcase classname="tests.test_libreyolo_smoke_matrix_v230" name="test_libreyolo_default_safe_includes_yolo9" time="0.003" /><testcase classname="tests.test_logging_redact" name="test_redact_bearer" time="0.002" /><testcase classname="tests.test_logging_redact" name="test_redact_api_key" time="0.002" /><testcase classname="tests.test_logging_redact" name="test_redact_cf_access_secret" time="0.002" /><testcase classname="tests.test_logging_redact" name="test_log_safe_dict_nested" time="0.002" /><testcase classname="tests.test_maxvit_alias" name="test_maxvit_alias_resolves" time="0.002" /><testcase classname="tests.test_maxvit_alias" name="test_maxvit_canonical_entry_exists" time="0.002" /><testcase classname="tests.test_maxvit_alias" name="test_maxvit_engine_registered" time="0.002" /><testcase classname="tests.test_maxvit_alias" name="test_maxvit_smoke_returns_expected_blocker_or_passed" time="7.560" /><testcase classname="tests.test_maxvit_alias" name="test_maxvit_implementation_status_not_stub" time="0.003" /><testcase classname="tests.test_maxvit_timm_route_v230" name="test_maxvit_uses_timm_repo" time="0.002" /><testcase classname="tests.test_maxvit_timm_route_v230" name="test_maxvit_implementation_is_partial_or_wired" time="0.002" /><testcase classname="tests.test_maxvit_timm_route_v230" name="test_hf_classify_engine_gates_timm_repo" time="0.002" /><testcase classname="tests.test_model_contract_runner_v233" name="test_contract_runner_imports" time="0.003" /><testcase classname="tests.test_model_contract_runner_v233" name="test_contract_cli_help" time="0.357" /><testcase classname="tests.test_model_smoke_matrix" name="test_get_advertised_models_returns_list" time="0.003" /><testcase classname="tests.test_model_smoke_matrix" name="test_advertised_models_no_duplicates" time="0.002" /><testcase classname="tests.test_model_smoke_matrix" name="test_smoke_command_synthesized_for_detect" time="0.002" /><testcase classname="tests.test_model_smoke_matrix" name="test_smoke_command_embed_uses_feature" time="0.002" /><testcase classname="tests.test_model_smoke_matrix" name="test_smoke_command_open_vocab_has_prompt" time="0.002" /><testcase classname="tests.test_model_smoke_matrix" name="test_smoke_command_foundation_seg_has_box" time="0.002" /><testcase classname="tests.test_model_smoke_matrix" name="test_classify_row_parseable_blocker_is_expected" time="0.002" /><testcase classname="tests.test_model_smoke_matrix" name="test_classify_row_real_crash_is_failed" time="0.002" /><testcase classname="tests.test_model_smoke_matrix" name="test_classify_row_returncode_zero_is_passed" time="0.002" /><testcase classname="tests.test_model_smoke_matrix" name="test_final_states_are_valid" time="0.002" /><testcase classname="tests.test_model_smoke_matrix" name="test_models_smoke_matrix_cli_registered" time="0.366" /><testcase classname="tests.test_model_smoke_matrix" name="test_smoke_assets_exist" time="0.003" /><testcase classname="tests.test_natten_dependency_blocker_v230" name="test_dinat_natten_predict_failed_is_expected_blocker" time="0.002" /><testcase classname="tests.test_natten_dependency_blocker_v230" name="test_dinat_traceback_with_natten_is_expected_blocker" time="0.002" /><testcase classname="tests.test_new_backends" name="test_swinv2_tiny_in_registry" time="0.002" /><testcase classname="tests.test_new_backends" name="test_sam_vit_base_in_registry" time="0.002" /><testcase classname="tests.test_new_backends" name="test_grounded_sam_in_registry" time="0.002" /><testcase classname="tests.test_new_backends" name="test_sam2_hiera_tiny_now_wired" time="0.002" /><testcase classname="tests.test_new_backends" name="test_swinv2_engine_missing_dep_without_fallback" time="0.004" /><testcase classname="tests.test_new_backends" name="test_swinv2_tiny_real_inference" time="0.000"><skipped type="pytest.skip" message="real model weights not available; set VISIONSERVEX_RUN_REAL_MODEL_TESTS=1">/home/arash/PycharmProjects/VisionServeX/tests/test_new_backends.py:81: real model weights not available; set VISIONSERVEX_RUN_REAL_MODEL_TESTS=1</skipped></testcase><testcase classname="tests.test_new_backends" name="test_swinv2_classification_result_schema" time="0.000"><skipped type="pytest.skip" message="real model weights not available; set VISIONSERVEX_RUN_REAL_MODEL_TESTS=1">/home/arash/PycharmProjects/VisionServeX/tests/test_new_backends.py:96: real model weights not available; set VISIONSERVEX_RUN_REAL_MODEL_TESTS=1</skipped></testcase><testcase classname="tests.test_new_backends" name="test_sam_hf_point_prompt" time="0.000"><skipped type="pytest.skip" message="real model weights not available; set VISIONSERVEX_RUN_REAL_MODEL_TESTS=1">/home/arash/PycharmProjects/VisionServeX/tests/test_new_backends.py:116: real model weights not available; set VISIONSERVEX_RUN_REAL_MODEL_TESTS=1</skipped></testcase><testcase classname="tests.test_new_backends" name="test_sam_hf_box_prompt" time="0.000"><skipped type="pytest.skip" message="real model weights not available; set VISIONSERVEX_RUN_REAL_MODEL_TESTS=1">/home/arash/PycharmProjects/VisionServeX/tests/test_new_backends.py:135: real model weights not available; set VISIONSERVEX_RUN_REAL_MODEL_TESTS=1</skipped></testcase><testcase classname="tests.test_new_backends" name="test_sam_hf_default_prompt" time="0.000"><skipped type="pytest.skip" message="real model weights not available; set VISIONSERVEX_RUN_REAL_MODEL_TESTS=1">/home/arash/PycharmProjects/VisionServeX/tests/test_new_backends.py:147: real model weights not available; set VISIONSERVEX_RUN_REAL_MODEL_TESTS=1</skipped></testcase><testcase classname="tests.test_new_backends" name="test_grounded_sam_pipeline" time="0.000"><skipped type="pytest.skip" message="real model weights not available; set VISIONSERVEX_RUN_REAL_MODEL_TESTS=1">/home/arash/PycharmProjects/VisionServeX/tests/test_new_backends.py:163: real model weights not available; set VISIONSERVEX_RUN_REAL_MODEL_TESTS=1</skipped></testcase><testcase classname="tests.test_new_backends" name="test_grounding_dino_cpu_fp32" time="0.000"><skipped type="pytest.skip" message="real model weights not available; set VISIONSERVEX_RUN_REAL_MODEL_TESTS=1">/home/arash/PycharmProjects/VisionServeX/tests/test_new_backends.py:181: real model weights not available; set VISIONSERVEX_RUN_REAL_MODEL_TESTS=1</skipped></testcase><testcase classname="tests.test_no_generic_expected_blocker_v233" name="test_v233_blocked_audit_high_value_have_precise_codes" time="0.002" /><testcase classname="tests.test_no_nan_rendering" name="test_none_renders_not_collected" time="0.002" /><testcase classname="tests.test_no_nan_rendering" name="test_float_nan_renders_not_collected" time="0.002" /><testcase classname="tests.test_no_nan_rendering" name="test_float_inf_renders_not_collected" time="0.002" /><testcase classname="tests.test_no_nan_rendering" name="test_string_nan_renders_not_collected" time="0.002" /><testcase classname="tests.test_no_nan_rendering" name="test_valid_float_renders_as_string" time="0.002" /><testcase classname="tests.test_no_nan_rendering" name="test_zero_renders_correctly" time="0.002" /><testcase classname="tests.test_no_nan_rendering" name="test_custom_label" time="0.002" /><testcase classname="tests.test_no_nan_rendering" name="test_official_metrics_table_no_nan" time="0.002" /><testcase classname="tests.test_no_nan_rendering" name="test_json_serialisation_no_nan" time="0.002" /><testcase classname="tests.test_no_nan_rendering" name="test_smoke_matrix_no_nan_in_csv" time="0.002" /><testcase classname="tests.test_no_repo_scripts_v2160" name="test_anomaly_doctor_supports_format_and_out" time="3.930" /><testcase classname="tests.test_no_repo_scripts_v2160" name="test_anomaly_smoke_replaces_shell_script" time="0.345" /><testcase classname="tests.test_no_repo_scripts_v2160" name="test_video_search_smoke_returns_structured" time="1.799" /><testcase classname="tests.test_no_repo_scripts_v2160" name="test_dev_make_synthetic_video_help_lists_required_flags" time="0.358" /><testcase classname="tests.test_notebook_no_legacy_status_cells_v230" name="test_source_notebook_no_legacy_status_strings_in_cell_source" time="0.002"><skipped type="pytest.skip" message="source notebook missing">/home/arash/PycharmProjects/VisionServeX/tests/test_notebook_no_legacy_status_cells_v230.py:50: source notebook missing</skipped></testcase><testcase classname="tests.test_notebook_no_legacy_status_cells_v230" name="test_canonical_smoke_summary_helper_exists" time="0.355" /><testcase classname="tests.test_notebook_no_legacy_status_cells_v230" name="test_rendering_module_importable_from_notebook" time="0.002" /><testcase classname="tests.test_notebook_rendering_no_nan_v230" name="test_render_nullable_none" time="0.002" /><testcase classname="tests.test_notebook_rendering_no_nan_v230" name="test_render_nullable_float_nan" time="0.002" /><testcase classname="tests.test_notebook_rendering_no_nan_v230" name="test_render_nullable_status_overrides" time="0.002" /><testcase classname="tests.test_notebook_rendering_no_nan_v230" name="test_render_nullable_valid_float" time="0.002" /><testcase classname="tests.test_notebook_rendering_no_nan_v230" name="test_render_nullable_zero" time="0.002" /><testcase classname="tests.test_notebook_rendering_no_nan_v230" name="test_render_nullable_int_and_bool" time="0.002" /><testcase classname="tests.test_notebook_rendering_no_nan_v230" name="test_render_nullable_string_nan" time="0.002" /><testcase classname="tests.test_notebook_rendering_no_nan_v230" name="test_render_table_returns_pandas_dataframe" time="0.005" /><testcase classname="tests.test_notebook_rendering_no_nan_v230" name="test_render_table_pass_through_non_df" time="0.002" /><testcase classname="tests.test_notebook_rendering_no_nan_v230" name="test_render_table_handles_status_column" time="0.003" /><testcase classname="tests.test_notebook_schema_v2200" name="test_ensure_columns_on_empty_df" time="0.000"><skipped type="pytest.skip" message="Legacy Colab notebook has been archived; skipping v23 schema tests">/home/arash/PycharmProjects/VisionServeX/tests/test_notebook_schema_v2200.py:60: Legacy Colab notebook has been archived; skipping v23 schema tests</skipped></testcase><testcase classname="tests.test_notebook_schema_v2200" name="test_ensure_columns_on_partial_df" time="0.000"><skipped type="pytest.skip" message="Legacy Colab notebook has been archived; skipping v23 schema tests">/home/arash/PycharmProjects/VisionServeX/tests/test_notebook_schema_v2200.py:71: Legacy Colab notebook has been archived; skipping v23 schema tests</skipped></testcase><testcase classname="tests.test_notebook_schema_v2200" name="test_normalize_segmentation_kind_adds_n_masks" time="0.000"><skipped type="pytest.skip" message="Legacy Colab notebook has been archived; skipping v23 schema tests">/home/arash/PycharmProjects/VisionServeX/tests/test_notebook_schema_v2200.py:89: Legacy Colab notebook has been archived; skipping v23 schema tests</skipped></testcase><testcase classname="tests.test_notebook_schema_v2200" name="test_normalize_detection_kind_adds_metric_columns" time="0.000"><skipped type="pytest.skip" message="Legacy Colab notebook has been archived; skipping v23 schema tests">/home/arash/PycharmProjects/VisionServeX/tests/test_notebook_schema_v2200.py:103: Legacy Colab notebook has been archived; skipping v23 schema tests</skipped></testcase><testcase classname="tests.test_notebook_schema_v2200" name="test_normalize_on_completely_empty_df_returns_schema_only" time="0.000"><skipped type="pytest.skip" message="Legacy Colab notebook has been archived; skipping v23 schema tests">/home/arash/PycharmProjects/VisionServeX/tests/test_notebook_schema_v2200.py:114: Legacy Colab notebook has been archived; skipping v23 schema tests</skipped></testcase><testcase classname="tests.test_notebook_schema_v2200" name="test_safe_str_series_on_missing_column_returns_empty" time="0.000"><skipped type="pytest.skip" message="Legacy Colab notebook has been archived; skipping v23 schema tests">/home/arash/PycharmProjects/VisionServeX/tests/test_notebook_schema_v2200.py:133: Legacy Colab notebook has been archived; skipping v23 schema tests</skipped></testcase><testcase classname="tests.test_notebook_schema_v2200" name="test_safe_str_series_on_present_column_returns_strings" time="0.000"><skipped type="pytest.skip" message="Legacy Colab notebook has been archived; skipping v23 schema tests">/home/arash/PycharmProjects/VisionServeX/tests/test_notebook_schema_v2200.py:140: Legacy Colab notebook has been archived; skipping v23 schema tests</skipped></testcase><testcase classname="tests.test_notebook_schema_v2200" name="test_ensure_safe_for_plot_on_empty_df" time="0.000"><skipped type="pytest.skip" message="Legacy Colab notebook has been archived; skipping v23 schema tests">/home/arash/PycharmProjects/VisionServeX/tests/test_notebook_schema_v2200.py:151: Legacy Colab notebook has been archived; skipping v23 schema tests</skipped></testcase><testcase classname="tests.test_notebook_schema_v2200" name="test_section_12_failure_shape_does_not_crash" time="0.000"><skipped type="pytest.skip" message="Legacy Colab notebook has been archived; skipping v23 schema tests">/home/arash/PycharmProjects/VisionServeX/tests/test_notebook_schema_v2200.py:166: Legacy Colab notebook has been archived; skipping v23 schema tests</skipped></testcase><testcase classname="tests.test_notebook_schema_v2200" name="test_v23_schema_utility_marker_is_present_in_notebook" time="0.000"><skipped type="pytest.skip" message="Legacy Colab notebook has been archived; skipping v23 schema tests">/home/arash/PycharmProjects/VisionServeX/tests/test_notebook_schema_v2200.py:183: Legacy Colab notebook has been archived; skipping v23 schema tests</skipped></testcase><testcase classname="tests.test_phase_h_backends" name="test_dfine_n_registry" time="0.002" /><testcase classname="tests.test_phase_h_backends" name="test_dfine_s_registry" time="0.002" /><testcase classname="tests.test_phase_h_backends" name="test_dfine_family_all_wired" time="0.002" /><testcase classname="tests.test_phase_h_backends" name="test_sam2_hiera_tiny_registry" time="0.002" /><testcase classname="tests.test_phase_h_backends" name="test_sam2_all_wired" time="0.002" /><testcase classname="tests.test_phase_h_backends" name="test_oneformer_swin_registry" time="0.002" /><testcase classname="tests.test_phase_h_backends" name="test_oneformer_all_wired" time="0.002" /><testcase classname="tests.test_phase_h_backends" name="test_dfine_n_real_inference" time="0.000"><skipped type="pytest.skip" message="real model weights not available; set VISIONSERVEX_RUN_REAL_MODEL_TESTS=1">/home/arash/PycharmProjects/VisionServeX/tests/test_phase_h_backends.py:95: real model weights not available; set VISIONSERVEX_RUN_REAL_MODEL_TESTS=1</skipped></testcase><testcase classname="tests.test_phase_h_backends" name="test_dfine_s_real_inference" time="0.000"><skipped type="pytest.skip" message="real model weights not available; set VISIONSERVEX_RUN_REAL_MODEL_TESTS=1">/home/arash/PycharmProjects/VisionServeX/tests/test_phase_h_backends.py:113: real model weights not available; set VISIONSERVEX_RUN_REAL_MODEL_TESTS=1</skipped></testcase><testcase classname="tests.test_phase_h_backends" name="test_dfine_result_schema" time="0.000"><skipped type="pytest.skip" message="real model weights not available; set VISIONSERVEX_RUN_REAL_MODEL_TESTS=1">/home/arash/PycharmProjects/VisionServeX/tests/test_phase_h_backends.py:125: real model weights not available; set VISIONSERVEX_RUN_REAL_MODEL_TESTS=1</skipped></testcase><testcase classname="tests.test_phase_h_backends" name="test_sam2_hiera_tiny_point_prompt" time="0.000"><skipped type="pytest.skip" message="real model weights not available; set VISIONSERVEX_RUN_REAL_MODEL_TESTS=1">/home/arash/PycharmProjects/VisionServeX/tests/test_phase_h_backends.py:148: real model weights not available; set VISIONSERVEX_RUN_REAL_MODEL_TESTS=1</skipped></testcase><testcase classname="tests.test_phase_h_backends" name="test_sam2_hiera_tiny_box_prompt" time="0.000"><skipped type="pytest.skip" message="real model weights not available; set VISIONSERVEX_RUN_REAL_MODEL_TESTS=1">/home/arash/PycharmProjects/VisionServeX/tests/test_phase_h_backends.py:165: real model weights not available; set VISIONSERVEX_RUN_REAL_MODEL_TESTS=1</skipped></testcase><testcase classname="tests.test_phase_h_backends" name="test_sam2_hiera_default_prompt" time="0.000"><skipped type="pytest.skip" message="real model weights not available; set VISIONSERVEX_RUN_REAL_MODEL_TESTS=1">/home/arash/PycharmProjects/VisionServeX/tests/test_phase_h_backends.py:177: real model weights not available; set VISIONSERVEX_RUN_REAL_MODEL_TESTS=1</skipped></testcase><testcase classname="tests.test_phase_h_backends" name="test_oneformer_swin_semantic" time="0.000"><skipped type="pytest.skip" message="real model weights not available; set VISIONSERVEX_RUN_REAL_MODEL_TESTS=1">/home/arash/PycharmProjects/VisionServeX/tests/test_phase_h_backends.py:193: real model weights not available; set VISIONSERVEX_RUN_REAL_MODEL_TESTS=1</skipped></testcase><testcase classname="tests.test_phase_h_backends" name="test_oneformer_swin_panoptic" time="0.000"><skipped type="pytest.skip" message="real model weights not available; set VISIONSERVEX_RUN_REAL_MODEL_TESTS=1">/home/arash/PycharmProjects/VisionServeX/tests/test_phase_h_backends.py:209: real model weights not available; set VISIONSERVEX_RUN_REAL_MODEL_TESTS=1</skipped></testcase><testcase classname="tests.test_phase_h_backends" name="test_oneformer_metadata_task_field" time="0.000"><skipped type="pytest.skip" message="real model weights not available; set VISIONSERVEX_RUN_REAL_MODEL_TESTS=1">/home/arash/PycharmProjects/VisionServeX/tests/test_phase_h_backends.py:221: real model weights not available; set VISIONSERVEX_RUN_REAL_MODEL_TESTS=1</skipped></testcase><testcase classname="tests.test_promptable_results_preserved_v235" name="test_sam2_promptable_report_exists" time="0.002" /><testcase classname="tests.test_promptable_results_preserved_v235" name="test_sam2_mean_iou_no_nan" time="0.002" /><testcase classname="tests.test_promptable_results_preserved_v235" name="test_sam21_large_achieves_reasonable_iou" time="0.002" /><testcase classname="tests.test_promptable_segmentation_smoke_eval" name="test_promptable_segmentation_command_exists" time="0.357" /><testcase classname="tests.test_promptable_segmentation_smoke_eval" name="test_promptable_segmentation_with_missing_dataset_returns_blocker" time="0.339" /><testcase classname="tests.test_promptable_segmentation_smoke_eval" name="test_promptable_segmentation_no_nan_output" time="8.084" /><testcase classname="tests.test_promptable_segmentation_smoke_eval" name="test_promptable_segmentation_no_not_wired" time="7.920" /><testcase classname="tests.test_promptable_segmentation_smoke_eval" name="test_promptable_segmentation_result_structure" time="7.794" /><testcase classname="tests.test_promptable_segmentation_smoke_eval" name="test_promptable_segmentation_metric_status_not_nan" time="7.934" /><testcase classname="tests.test_promptable_segmentation_smoke_eval_v230" name="test_promptable_segmentation_has_required_keys" time="7.886" /><testcase classname="tests.test_promptable_segmentation_smoke_eval_v230" name="test_promptable_segmentation_metric_status_no_nan" time="8.111" /><testcase classname="tests.test_promptable_segmentation_smoke_eval_v230" name="test_promptable_segmentation_max_instances_alias" time="0.338" /><testcase classname="tests.test_real_model_smoke" name="test_dfine_s_loads_and_predicts" time="0.000"><skipped type="pytest.skip" message="real model weights not available; set VISIONSERVEX_RUN_REAL_MODEL_TESTS=1">/home/arash/PycharmProjects/VisionServeX/tests/test_real_model_smoke.py:43: real model weights not available; set VISIONSERVEX_RUN_REAL_MODEL_TESTS=1</skipped></testcase><testcase classname="tests.test_real_model_smoke" name="test_rfdetr_small_loads_and_predicts" time="0.000"><skipped type="pytest.skip" message="real model weights not available; set VISIONSERVEX_RUN_REAL_MODEL_TESTS=1">/home/arash/PycharmProjects/VisionServeX/tests/test_real_model_smoke.py:77: real model weights not available; set VISIONSERVEX_RUN_REAL_MODEL_TESTS=1</skipped></testcase><testcase classname="tests.test_real_model_smoke" name="test_dinov2_small_embedding" time="0.000"><skipped type="pytest.skip" message="real model weights not available; set VISIONSERVEX_RUN_REAL_MODEL_TESTS=1">/home/arash/PycharmProjects/VisionServeX/tests/test_real_model_smoke.py:108: real model weights not available; set VISIONSERVEX_RUN_REAL_MODEL_TESTS=1</skipped></testcase><testcase classname="tests.test_real_model_smoke" name="test_sam2_tiny_loads" time="0.000"><skipped type="pytest.skip" message="real model weights not available; set VISIONSERVEX_RUN_REAL_MODEL_TESTS=1">/home/arash/PycharmProjects/VisionServeX/tests/test_real_model_smoke.py:140: real model weights not available; set VISIONSERVEX_RUN_REAL_MODEL_TESTS=1</skipped></testcase><testcase classname="tests.test_real_model_smoke" name="test_dfine_s_gpu_inference" time="0.000"><skipped type="pytest.skip" message="real model weights not available; set VISIONSERVEX_RUN_REAL_MODEL_TESTS=1">/home/arash/PycharmProjects/VisionServeX/tests/test_real_model_smoke.py:174: real model weights not available; set VISIONSERVEX_RUN_REAL_MODEL_TESTS=1</skipped></testcase><testcase classname="tests.test_recommend" name="test_recommend_returns_results" time="0.005" /><testcase classname="tests.test_recommend" name="test_recommend_simple_prefers_beginner" time="0.003" /><testcase classname="tests.test_recommend" name="test_first_beginner_pick_returns_model" time="0.003" /><testcase classname="tests.test_recommend" name="test_recommend_cli_json" time="0.071" /><testcase classname="tests.test_recommend" name="test_recommend_filters_by_device" time="0.003" /><testcase classname="tests.test_recommend" name="test_registry_required_fields" time="0.002" /><testcase classname="tests.test_registry" name="test_default_registry_loads" time="0.002" /><testcase classname="tests.test_registry" name="test_registry_get_unknown_raises" time="0.002" /><testcase classname="tests.test_registry" name="test_registry_filter_by_task" time="0.002" /><testcase classname="tests.test_registry" name="test_register_duplicate_raises" time="0.002" /><testcase classname="tests.test_registry" name="test_invalid_id_rejected" time="0.002" /><testcase classname="tests.test_registry" name="test_unknown_status_rejected" time="0.002" /><testcase classname="tests.test_registry" name="test_every_default_model_has_license" time="0.002" /><testcase classname="tests.test_reporting_public_api_exports_v2301" name="test_reporting_public_api_exports" time="0.002" /><testcase classname="tests.test_reporting_public_api_exports_v2301" name="test_is_nullish_none" time="0.002" /><testcase classname="tests.test_reporting_public_api_exports_v2301" name="test_render_nullable_no_raw_nan" time="0.002" /><testcase classname="tests.test_reporting_public_api_exports_v2301" name="test_render_table_for_notebook_degrades_gracefully" time="0.002" /><testcase classname="tests.test_resource_guard" name="test_resource_guard_imports" time="0.002" /><testcase classname="tests.test_resource_guard" name="test_get_system_memory_state_returns_values" time="0.002" /><testcase classname="tests.test_resource_guard" name="test_get_disk_state_returns_values" time="0.002" /><testcase classname="tests.test_resource_guard" name="test_get_gpu_memory_state_no_cuda" time="0.003" /><testcase classname="tests.test_resource_guard" name="test_resource_guard_refuses_high_ram_mocked" time="0.002" /><testcase classname="tests.test_resource_guard" name="test_resource_guard_refuses_high_vram_mocked" time="0.002" /><testcase classname="tests.test_resource_guard" name="test_resource_guard_refuses_low_disk_mocked" time="0.003" /><testcase classname="tests.test_resource_guard" name="test_pytest_lock_refuses_concurrent_run_mocked" time="0.002" /><testcase classname="tests.test_resource_guard" name="test_pytest_lock_cleans_stale" time="0.002" /><testcase classname="tests.test_resource_guard" name="test_release_pytest_lock_only_own_pid" time="0.002" /><testcase classname="tests.test_resource_guard" name="test_refuse_if_other_pytest_running_passes_when_none" time="0.002" /><testcase classname="tests.test_resource_guard" name="test_refuse_if_other_pytest_running_raises" time="0.002" /><testcase classname="tests.test_resource_guard" name="test_resource_budget_to_dict" time="0.127" /><testcase classname="tests.test_resource_guard" name="test_cleanup_after_test_no_torch" time="0.502" /><testcase classname="tests.test_resource_guard" name="test_kill_visionservex_tests_returns_list" time="0.003" /><testcase classname="tests.test_resource_guard" name="test_artifact_size_guard" time="0.003" /><testcase classname="tests.test_resource_guard" name="test_no_outputs_reports_indexes_committed" time="0.012" /><testcase classname="tests.test_result_classifier_parseable_blockers" name="test_parseable_blocker_not_failed_runtime[ANOMALIB_REQUIRED]" time="0.002" /><testcase classname="tests.test_result_classifier_parseable_blockers" name="test_parseable_blocker_not_failed_runtime[BYTETRACK_REQUIRED]" time="0.002" /><testcase classname="tests.test_result_classifier_parseable_blockers" name="test_parseable_blocker_not_failed_runtime[OCSORT_REQUIRED]" time="0.002" /><testcase classname="tests.test_result_classifier_parseable_blockers" name="test_parseable_blocker_not_failed_runtime[TORCHREID_REQUIRED]" time="0.002" /><testcase classname="tests.test_result_classifier_parseable_blockers" name="test_parseable_blocker_not_failed_runtime[OPENMMLAB_REQUIRED]" time="0.002" /><testcase classname="tests.test_result_classifier_parseable_blockers" name="test_parseable_blocker_not_failed_runtime[DETECTRON2_REQUIRED]" time="0.002" /><testcase classname="tests.test_result_classifier_parseable_blockers" name="test_parseable_blocker_not_failed_runtime[TIMM_REQUIRED]" time="0.002" /><testcase classname="tests.test_result_classifier_parseable_blockers" name="test_parseable_blocker_not_failed_runtime[RFDETR_SEG_OUTPUT_SCHEMA_UNKNOWN]" time="0.002" /><testcase classname="tests.test_result_classifier_parseable_blockers" name="test_parseable_blocker_not_failed_runtime[RFDETR_SEG_MASK_OUTPUT_NOT_EXPOSED]" time="0.002" /><testcase classname="tests.test_result_classifier_parseable_blockers" name="test_parseable_blocker_not_failed_runtime[GT_MASKS_REQUIRED_FOR_MASK_METRICS]" time="0.002" /><testcase classname="tests.test_result_classifier_parseable_blockers" name="test_parseable_blocker_not_failed_runtime[SEGMENTATION_PIPELINE_NOT_WIRED]" time="0.002" /><testcase classname="tests.test_result_classifier_parseable_blockers" name="test_parseable_blocker_not_failed_runtime[SEGMENTATION_BENCHMARK_NOT_IMPLEMENTED]" time="0.002" /><testcase classname="tests.test_result_classifier_parseable_blockers" name="test_parseable_blocker_not_failed_runtime[PROMPTABLE_SEGMENTATION_NOT_IMPLEMENTED]" time="0.002" /><testcase classname="tests.test_result_classifier_parseable_blockers" name="test_parseable_blocker_not_failed_runtime[CHECKPOINT_REQUIRED]" time="0.002" /><testcase classname="tests.test_result_classifier_parseable_blockers" name="test_parseable_blocker_not_failed_runtime[MANUAL_CHECKPOINT_REQUIRED]" time="0.002" /><testcase classname="tests.test_result_classifier_parseable_blockers" name="test_parseable_blocker_not_failed_runtime[ULTRALYTICS_REQUIRED]" time="0.002" /><testcase classname="tests.test_result_classifier_parseable_blockers" name="test_parseable_blocker_survives_traceback_in_stderr" time="0.002" /><testcase classname="tests.test_result_classifier_parseable_blockers" name="test_unstructured_crash_still_fails" time="0.002" /><testcase classname="tests.test_result_classifier_parseable_blockers" name="test_blocker_via_output_file" time="0.002" /><testcase classname="tests.test_result_classifier_parseable_blockers" name="test_no_code_returncode_zero_is_ok" time="0.002" /><testcase classname="tests.test_result_classifier_parseable_blockers" name="test_all_advertised_codes_in_registry" time="0.002" /><testcase classname="tests.test_results" name="test_mock_engine_returns_expected_kind[mock-detect-detection]" time="0.004" /><testcase classname="tests.test_results" name="test_mock_engine_returns_expected_kind[mock-segment-segmentation]" time="0.004" /><testcase classname="tests.test_results" name="test_mock_engine_returns_expected_kind[mock-pose-pose]" time="0.004" /><testcase classname="tests.test_results" name="test_mock_engine_returns_expected_kind[mock-classify-classification]" time="0.004" /><testcase classname="tests.test_results" name="test_mock_engine_returns_expected_kind[mock-obb-obb]" time="0.004" /><testcase classname="tests.test_results" name="test_mock_engine_returns_expected_kind[mock-open-vocab-open_vocab]" time="0.004" /><testcase classname="tests.test_results" name="test_detection_to_coco" time="0.002" /><testcase classname="tests.test_results" name="test_segmentation_to_dict_strips_mask" time="0.002" /><testcase classname="tests.test_results" name="test_result_plot_does_not_crash" time="0.004" /><testcase classname="tests.test_results" name="test_result_save_json" time="0.005" /><testcase classname="tests.test_rfdetr_engine" name="test_rfdetr_nano_in_registry" time="0.002" /><testcase classname="tests.test_rfdetr_engine" name="test_rfdetr_seg_nano_in_registry" time="0.002" /><testcase classname="tests.test_rfdetr_engine" name="test_rfdetr_models_have_required_fields" time="0.002" /><testcase classname="tests.test_rfdetr_engine" name="test_sv_to_detections_basic" time="0.002" /><testcase classname="tests.test_rfdetr_engine" name="test_sv_to_detections_empty" time="0.002" /><testcase classname="tests.test_rfdetr_engine" name="test_sv_to_segments_with_mask" time="0.002" /><testcase classname="tests.test_rfdetr_engine" name="test_sv_to_segments_no_mask" time="0.002" /><testcase classname="tests.test_rfdetr_engine" name="test_rfdetr_engine_missing_dep_without_mock_fallback" time="0.022" /><testcase classname="tests.test_rfdetr_engine" name="test_rfdetr_engine_mock_fallback_when_allowed" time="0.004" /><testcase classname="tests.test_rfdetr_engine" name="test_rfdetr_nano_real_inference" time="0.000"><skipped type="pytest.skip" message="real model weights not available; set VISIONSERVEX_RUN_REAL_MODEL_TESTS=1">/home/arash/PycharmProjects/VisionServeX/tests/test_rfdetr_engine.py:171: real model weights not available; set VISIONSERVEX_RUN_REAL_MODEL_TESTS=1</skipped></testcase><testcase classname="tests.test_rfdetr_engine" name="test_rfdetr_seg_nano_real_inference" time="0.000"><skipped type="pytest.skip" message="real model weights not available; set VISIONSERVEX_RUN_REAL_MODEL_TESTS=1">/home/arash/PycharmProjects/VisionServeX/tests/test_rfdetr_engine.py:184: real model weights not available; set VISIONSERVEX_RUN_REAL_MODEL_TESTS=1</skipped></testcase><testcase classname="tests.test_rfdetr_mapping_v2180" name="test_table_has_exactly_80_classes" time="0.002" /><testcase classname="tests.test_rfdetr_mapping_v2180" name="test_official_id_1_is_person" time="0.002" /><testcase classname="tests.test_rfdetr_mapping_v2180" name="test_official_id_3_is_car" time="0.002" /><testcase classname="tests.test_rfdetr_mapping_v2180" name="test_official_id_88_is_teddy_bear" time="0.002" /><testcase classname="tests.test_rfdetr_mapping_v2180" name="test_official_id_90_is_toothbrush" time="0.002" /><testcase classname="tests.test_rfdetr_mapping_v2180" name="test_official_id_47_is_cup_not_carrot" time="0.002" /><testcase classname="tests.test_rfdetr_mapping_v2180" name="test_official_id_53_is_apple" time="0.002" /><testcase classname="tests.test_rfdetr_mapping_v2180" name="test_contiguous_id_0_is_already_contiguous" time="0.002" /><testcase classname="tests.test_rfdetr_mapping_v2180" name="test_unknown_id_returns_minus_one" time="0.002" /><testcase classname="tests.test_rfdetr_mapping_v2180" name="test_is_official_id_set_detects_id_above_79" time="0.002" /><testcase classname="tests.test_rfdetr_mapping_v2180" name="test_is_official_id_set_returns_false_for_contiguous" time="0.002" /><testcase classname="tests.test_rfdetr_mapping_v2180" name="test_engine_remaps_official_ids_to_contiguous" time="0.002" /><testcase classname="tests.test_rfdetr_mapping_v2180" name="test_engine_passes_contiguous_ids_through" time="0.002" /><testcase classname="tests.test_rfdetr_mapping_v2180" name="test_engine_empty_detections" time="0.002" /><testcase classname="tests.test_rfdetr_mapping_v2180" name="test_remapped_predictions_match_gt_under_class_aware_evaluator" time="0.003" /><testcase classname="tests.test_rfdetr_seg_coco_rle_conversion_v231" name="test_binary_mask_to_rle_roundtrip" time="0.003" /><testcase classname="tests.test_rfdetr_seg_coco_rle_conversion_v231" name="test_rle_encode_decode_for_json_serialization" time="0.002" /><testcase classname="tests.test_rfdetr_seg_coco_rle_conversion_v231" name="test_build_class_id_to_coco_cat" time="0.003" /><testcase classname="tests.test_rfdetr_seg_coco_rle_conversion_v231" name="test_coco_class_id_mapping_with_gaps" time="0.002" /><testcase classname="tests.test_rfdetr_seg_coco_rle_conversion_v231" name="test_rfdetr_seg_benchmark_returns_structured_blocker_on_missing_dataset" time="0.003" /><testcase classname="tests.test_rfdetr_seg_coco_rle_conversion_v231" name="test_rfdetr_seg_benchmark_no_nan_in_result" time="0.002" /><testcase classname="tests.test_rfdetr_seg_coco_rle_conversion_v231" name="test_benchmark_segmentation_cli_exists" time="0.355" /><testcase classname="tests.test_rfdetr_seg_mask_schema_v230" name="test_schema_probe_report_exists" time="0.003" /><testcase classname="tests.test_rfdetr_seg_mask_schema_v230" name="test_schema_is_segments_list_with_per_segment_mask" time="0.002" /><testcase classname="tests.test_rfdetr_seg_mask_schema_v230" name="test_benchmark_segmentation_does_not_emit_schema_unknown" time="0.342" /><testcase classname="tests.test_rfdetr_seg_schema_probe" name="test_rfdetr_seg_schema_probe_runs" time="1.461" /><testcase classname="tests.test_rfdetr_seg_schema_probe" name="test_rfdetr_seg_schema_no_raw_crash" time="1.421" /><testcase classname="tests.test_rfdetr_seg_schema_probe" name="test_rfdetr_seg_schema_probe_saved" time="1.416" /><testcase classname="tests.test_rfdetr_seg_schema_probe" name="test_rfdetr_seg_no_schema_unknown_after_probe" time="1.462" /><testcase classname="tests.test_rfdetr_segmentation_benchmark_v231" name="test_benchmark_segmentation_with_rfdetr_seg_smoke_asset" time="4.763" /><testcase classname="tests.test_rfdetr_segmentation_benchmark_v231" name="test_benchmark_segmentation_no_nan_in_output" time="4.714" /><testcase classname="tests.test_rfdetr_segmentation_benchmark_v231" name="test_benchmark_segmentation_missing_dataset_returns_structured_blocker" time="0.342" /><testcase classname="tests.test_rfdetr_segmentation_benchmark_v231" name="test_rfdetr_seg_benchmark_with_real_coco_subset" time="2.213" /><testcase classname="tests.test_scheduler" name="test_scheduler_serializes_within_limit" time="0.054" /><testcase classname="tests.test_scheduler" name="test_scheduler_backpressure" time="0.204" /><testcase classname="tests.test_scheduler" name="test_cache_lru_eviction" time="2.022" /><testcase classname="tests.test_scheduler" name="test_cache_reuses_same_instance" time="0.679" /><testcase classname="tests.test_security" name="test_validate_mime_accepts_jpeg" time="0.003" /><testcase classname="tests.test_security" name="test_validate_mime_rejects_text" time="0.003" /><testcase classname="tests.test_security" name="test_validate_image_bytes_rejects_too_large" time="0.003" /><testcase classname="tests.test_security" name="test_validate_image_bytes_accepts_normal" time="0.003" /><testcase classname="tests.test_security" name="test_validate_image_bytes_rejects_dim" time="0.003" /><testcase classname="tests.test_security" name="test_safe_join_rejects_traversal" time="0.002" /><testcase classname="tests.test_security" name="test_safe_join_accepts" time="0.002" /><testcase classname="tests.test_security" name="test_validate_path_input_disabled_by_default" time="0.002" /><testcase classname="tests.test_security" name="test_url_validation_requires_https" time="0.002" /><testcase classname="tests.test_security" name="test_url_validation_rejects_localhost" time="0.002" /><testcase classname="tests.test_security" name="test_url_validation_rejects_private_ip" time="0.002" /><testcase classname="tests.test_security" name="test_url_validation_rejects_file_scheme" time="0.002" /><testcase classname="tests.test_security" name="test_url_validation_rejects_userinfo" time="0.002" /><testcase classname="tests.test_security" name="test_url_validation_allowlist_blocks" time="0.002" /><testcase classname="tests.test_security_privacy" name="test_bearer_token_redacted" time="0.002" /><testcase classname="tests.test_security_privacy" name="test_cf_access_secret_redacted" time="0.002" /><testcase classname="tests.test_security_privacy" name="test_hf_token_redacted" time="0.002" /><testcase classname="tests.test_security_privacy" name="test_hf_prefix_token_redacted" time="0.002" /><testcase classname="tests.test_security_privacy" name="test_base64_jpeg_redacted" time="0.002" /><testcase classname="tests.test_security_privacy" name="test_base64_png_magic_redacted" time="0.002" /><testcase classname="tests.test_security_privacy" name="test_non_secret_not_redacted" time="0.002" /><testcase classname="tests.test_security_privacy" name="test_security_audit_json" time="0.071" /><testcase classname="tests.test_security_privacy" name="test_security_audit_no_e2e_claim" time="0.073" /><testcase classname="tests.test_security_privacy" name="test_security_doctor_json" time="0.073" /><testcase classname="tests.test_security_privacy" name="test_security_test_redaction" time="0.074" /><testcase classname="tests.test_security_privacy" name="test_security_checklist" time="0.074" /><testcase classname="tests.test_security_privacy" name="test_privacy_defaults" time="0.002" /><testcase classname="tests.test_security_privacy" name="test_security_mode_default" time="0.002" /><testcase classname="tests.test_security_privacy" name="test_server_does_not_save_uploaded_image_to_disk" time="0.024" /><testcase classname="tests.test_security_privacy" name="test_job_store_no_image_bytes" time="0.004" /><testcase classname="tests.test_security_privacy" name="test_encryption_keygen" time="0.006" /><testcase classname="tests.test_security_privacy" name="test_field_encryptor_roundtrip" time="0.003" /><testcase classname="tests.test_security_privacy" name="test_field_encryptor_wrong_key_fails" time="0.003" /><testcase classname="tests.test_security_privacy" name="test_keygen_cli_no_key_in_output" time="0.074" /><testcase classname="tests.test_security_privacy" name="test_check_key_disabled" time="0.074" /><testcase classname="tests.test_security_privacy" name="test_secure_temp_file_deleted_after_use" time="0.003" /><testcase classname="tests.test_security_privacy" name="test_secure_temp_file_deleted_on_exception" time="0.003" /><testcase classname="tests.test_security_privacy" name="test_secure_temp_file_permissions" time="0.002" /><testcase classname="tests.test_security_privacy" name="test_cleanup_command" time="0.073" /><testcase classname="tests.test_security_privacy" name="test_public_mode_auth_warning" time="0.004" /><testcase classname="tests.test_security_privacy" name="test_cors_wildcard_allowed_origins_default_empty" time="0.003" /><testcase classname="tests.test_security_privacy" name="test_security_mode_command" time="0.074" /><testcase classname="tests.test_segmentation_smoke_schema" name="test_rfdetr_seg_smoke[rfdetr-seg-small]" time="4.463" /><testcase classname="tests.test_segmentation_smoke_schema" name="test_rfdetr_seg_smoke[rfdetr-seg-nano]" time="4.434" /><testcase classname="tests.test_segmentation_smoke_schema" name="test_sam2_smoke[sam2-hiera-tiny]" time="7.767" /><testcase classname="tests.test_segmentation_smoke_schema" name="test_sam2_smoke[sam2.1-hiera-tiny]" time="7.808" /><testcase classname="tests.test_segmentation_smoke_schema" name="test_benchmark_segmentation_cmd_exists" time="4.849" /><testcase classname="tests.test_segmentation_smoke_schema" name="test_benchmark_promptable_segmentation_cmd_exists" time="7.854" /><testcase classname="tests.test_segmentation_smoke_schema" name="test_benchmark_promptable_max_instances_flag" time="7.889" /><testcase classname="tests.test_smart_tool_ledger" name="test_ledger_separate_and_commercial_safe" time="0.003" /><testcase classname="tests.test_smart_tool_ledger" name="test_ledger_json_no_model_weights_and_real_dataset" time="0.002" /><testcase classname="tests.test_smoke_matrix_no_not_wired_no_nan_v230" name="test_smoke_matrix_csv_no_forbidden_strings" time="0.003" /><testcase classname="tests.test_smoke_matrix_no_not_wired_no_nan_v230" name="test_smoke_matrix_json_no_failed_runtime_with_blocker" time="0.003" /><testcase classname="tests.test_smoke_matrix_no_not_wired_no_nan_v230" name="test_smoke_matrix_summary_zero_unclassified" time="0.003" /><testcase classname="tests.test_syntax_contract" name="test_package_imports" time="0.002" /><testcase classname="tests.test_syntax_contract" name="test_model_not_found_typed_error" time="0.002" /><testcase classname="tests.test_syntax_contract" name="test_input_not_found_error" time="0.002" /><testcase classname="tests.test_syntax_contract" name="test_device_unavailable_error" time="0.002" /><testcase classname="tests.test_syntax_contract" name="test_external_model_error" time="0.002" /><testcase classname="tests.test_syntax_contract" name="test_manual_model_error" time="0.002" /><testcase classname="tests.test_syntax_contract" name="test_visionmodel_loaded_property" time="0.006" /><testcase classname="tests.test_syntax_contract" name="test_visionmodel_prompt_alias" time="0.005" /><testcase classname="tests.test_syntax_contract" name="test_visionmodel_top_k" time="0.003" /><testcase classname="tests.test_syntax_contract" name="test_visionmodel_task_kwarg" time="0.004" /><testcase classname="tests.test_syntax_contract" name="test_visionmodel_threshold" time="0.003" /><testcase classname="tests.test_syntax_contract" name="test_visionmodel_box_alias" time="0.003" /><testcase classname="tests.test_syntax_contract" name="test_visionmodel_points" time="0.003" /><testcase classname="tests.test_syntax_contract" name="test_visionmodel_labels_alias" time="0.003" /><testcase classname="tests.test_syntax_contract" name="test_result_save_json" time="0.004" /><testcase classname="tests.test_syntax_contract" name="test_result_save_image" time="0.004" /><testcase classname="tests.test_syntax_contract" name="test_predict_device_flag" time="0.075" /><testcase classname="tests.test_syntax_contract" name="test_predict_save_json_flag" time="0.077" /><testcase classname="tests.test_syntax_contract" name="test_predict_missing_input_gives_typed_error" time="0.074" /><testcase classname="tests.test_syntax_contract" name="test_predict_unknown_model_gives_typed_error" time="0.075" /><testcase classname="tests.test_syntax_contract" name="test_batch_predict_command" time="0.080" /><testcase classname="tests.test_syntax_contract" name="test_gateway_loaded_models" time="0.078" /><testcase classname="tests.test_syntax_contract" name="test_gateway_memory" time="0.078" /><testcase classname="tests.test_syntax_contract" name="test_gateway_stop_no_server" time="0.078" /><testcase classname="tests.test_syntax_contract" name="test_server_obb_endpoint" time="0.716" /><testcase classname="tests.test_syntax_contract" name="test_server_segment_b64_endpoint" time="0.711" /><testcase classname="tests.test_syntax_contract" name="test_pull_
[...]
assname="tests.test_v247_called_in_notebook_semantics" name="test_totalsegmentator_in_restricted" time="0.003" /><testcase classname="tests.test_v247_restricted_baseline_split" name="test_generate_external_baselines_command_exists" time="0.070" /><testcase classname="tests.test_v247_restricted_baseline_split" name="test_core_ledger_has_no_restricted_rows_when_split_applied" time="0.004" /><testcase classname="tests.test_v247_restricted_baseline_split" name="test_ext_baselines_has_expected_rows" time="0.003" /><testcase classname="tests.test_v247_restricted_baseline_split" name="test_ext_baselines_contains_all_restricted" time="0.003" /><testcase classname="tests.test_v247_restricted_baseline_split" name="test_ext_baselines_required_columns" time="0.003" /><testcase classname="tests.test_v247_restricted_baseline_split" name="test_no_healthy_row_without_covered_by_notebook" time="0.003" /><testcase classname="tests.test_v247_restricted_baseline_split" name="test_no_row_missing_command_attempted" time="0.003" /><testcase classname="tests.test_v247_restricted_baseline_split" name="test_grounding_dino_audit_row_in_known_corrections" time="0.003" /><testcase classname="tests.test_v247_restricted_baseline_split" name="test_grounding_dino_original_swin_t_is_wired" time="0.003" /><testcase classname="tests.test_v250" name="test_model_zoo_gap_report_json" time="0.005" /><testcase classname="tests.test_v250" name="test_model_zoo_gap_report_markdown" time="0.016" /><testcase classname="tests.test_v250" name="test_model_zoo_matrix_json" time="0.005" /><testcase classname="tests.test_v250" name="test_model_zoo_matrix_filter_family" time="0.004" /><testcase classname="tests.test_v250" name="test_model_zoo_blockers_family" time="0.004" /><testcase classname="tests.test_v250" name="test_model_zoo_matrix_markdown" time="0.235" /><testcase classname="tests.test_v250" name="test_sam_family_list_json" time="0.005" /><testcase classname="tests.test_v250" name="test_sam_family_doctor_json" time="0.009" /><testcase classname="tests.test_v250" name="test_sam_family_model_card_sam21" time="0.004" /><testcase classname="tests.test_v250" name="test_sam_family_model_card_fastsam" time="0.004" /><testcase classname="tests.test_v250" name="test_sam_family_smoke_test_non_runnable" time="0.004" /><testcase classname="tests.test_v250" name="test_anomaly_create_env_json" time="0.005" /><testcase classname="tests.test_v250" name="test_anomaly_create_env_custom_name" time="0.005" /><testcase classname="tests.test_v250" name="test_anomaly_install_help_json" time="0.005" /><testcase classname="tests.test_v250" name="test_medsam_multi_box_produces_multiple_masks" time="0.007" /><testcase classname="tests.test_v250" name="test_medsam_invalid_box_index_reported" time="0.005" /><testcase classname="tests.test_v250" name="test_medical_doctor_json" time="0.005" /><testcase classname="tests.test_v250" name="test_video_search_install_help_all" time="0.005" /><testcase classname="tests.test_v250" name="test_video_search_install_help_bytetrack" time="0.005" /><testcase classname="tests.test_v250" name="test_video_search_install_help_osnet" time="0.005" /><testcase classname="tests.test_v250" name="test_grounding_dino_tiny_in_registry" time="0.003" /><testcase classname="tests.test_v250" name="test_dfine_n_in_registry" time="0.003" /><testcase classname="tests.test_v250" name="test_sam_vit_base_in_registry" time="0.003" /><testcase classname="tests.test_v250" name="test_sam21_all_entries_in_registry" time="0.003" /><testcase classname="tests.test_v250" name="test_model_zoo_gap_report_writes_file" time="0.005" /><testcase classname="tests.test_v250" name="test_model_zoo_matrix_writes_file" time="0.005" /><testcase classname="tests.test_v260" name="test_tracker_list_registry_includes_ocsort" time="0.003" /><testcase classname="tests.test_v260" name="test_tracker_list_excludes_gpl_from_permissive_core" time="0.003" /><testcase classname="tests.test_v260" name="test_build_tracker_ocsort_missing" time="0.003" /><testcase classname="tests.test_v260" name="test_build_tracker_deepsort_is_blocked_in_core" time="0.003" /><testcase classname="tests.test_v260" name="test_ocsort_adapter_uses_mocked_package" time="0.003" /><testcase classname="tests.test_v260" name="test_list_reid_includes_osnet" time="0.003" /><testcase classname="tests.test_v260" name="test_build_reid_extractor_missing_torchreid" time="0.003" /><testcase classname="tests.test_v260" name="test_build_reid_extractor_checkpoint_required" time="0.003" /><testcase classname="tests.test_v260" name="test_torchreid_osnet_adapter_extract_normalizes" time="0.003" /><testcase classname="tests.test_v260" name="test_video_search_reid_smoke_torchreid_required" time="0.005" /><testcase classname="tests.test_v260" name="test_video_search_reid_smoke_missing_image" time="0.005" /><testcase classname="tests.test_v260" name="test_openmmlab_model_card_rtmdet_l_coco" time="0.005" /><testcase classname="tests.test_v260" name="test_openmmlab_model_card_rtmpose_m" time="0.005" /><testcase classname="tests.test_v260" name="test_openmmlab_oriented_rcnn_obb_metadata" time="0.005" /><testcase classname="tests.test_v260" name="test_openmmlab_validate_missing_deps_returns_structured_error" time="0.005" /><testcase classname="tests.test_v260" name="test_openmmlab_model_card_unknown" time="0.005" /><testcase classname="tests.test_v260" name="test_maskdino_doctor_returns_detectron2_required" time="0.004" /><testcase classname="tests.test_v260" name="test_maskdino_validate_swinl_returns_structured_blocker" time="0.004" /><testcase classname="tests.test_v260" name="test_maskdino_smoke_test_returns_structured_blocker" time="0.004" /><testcase classname="tests.test_v260" name="test_maskdino_create_env_recipe_pinned" time="0.004" /><testcase classname="tests.test_v260" name="test_medical_install_help_totalsegmentator_tissue_marked_non_core" time="0.004" /><testcase classname="tests.test_v260" name="test_medical_install_help_medsam2_marked_expert_sidecar" time="0.004" /><testcase classname="tests.test_v260" name="test_medical_autoseg_doctor_monai_required" time="0.005" /><testcase classname="tests.test_v260" name="test_medical_monai_list_bundles_returns_blocker_when_missing" time="0.004" /><testcase classname="tests.test_v260" name="test_sam_family_login_help_sam31_returns_gated_status" time="0.004" /><testcase classname="tests.test_v260" name="test_sam_family_validate_sam3_base_emits_gated_status" time="0.004" /><testcase classname="tests.test_v260" name="test_license_risk_table_exists" time="0.003" /><testcase classname="tests.test_v260" name="test_manifest_deepsort_not_runnable_in_permissive_core" time="0.003" /><testcase classname="tests.test_v260" name="test_manifest_fastsam_excluded_or_sidecar" time="0.003" /><testcase classname="tests.test_v260" name="test_manifest_rtdetrv4_carries_paper_url" time="0.003" /><testcase classname="tests.test_v260" name="test_version_is_at_least_260" time="0.003" /><testcase classname="tests.test_v270" name="test_tracker_smoke_simple_iou_synthetic_sequence" time="0.005" /><testcase classname="tests.test_v270" name="test_tracker_smoke_bytetrack_missing_returns_blocker" time="0.006" /><testcase classname="tests.test_v270" name="test_tracker_smoke_writes_out_file" time="0.005" /><testcase classname="tests.test_v270" name="test_latest_checkpoint_picks_newest" time="0.003" /><testcase classname="tests.test_v270" name="test_latest_checkpoint_returns_none_when_empty" time="0.003" /><testcase classname="tests.test_v270" name="test_anomalib_adapter_2x_folder_signature" time="0.003" /><testcase classname="tests.test_v270" name="test_bytetrack_real_smoke_when_installed" time="0.003"><skipped type="pytest.skip" message="could not import 'bytetracker': No module named 'bytetracker'">/home/arash/PycharmProjects/VisionServeX/tests/test_v270.py:169: could not import 'bytetracker': No module named 'bytetracker'</skipped></testcase><testcase classname="tests.test_v270" name="test_ocsort_real_smoke_when_installed" time="0.003"><skipped type="pytest.skip" message="could not import 'ocsort': No module named 'ocsort'">/home/arash/PycharmProjects/VisionServeX/tests/test_v270.py:186: could not import 'ocsort': No module named 'ocsort'</skipped></testcase><testcase classname="tests.test_v270" name="test_torchreid_dual_path_layout_lookup" time="0.003" /><testcase classname="tests.test_v270" name="test_anomaly_sidecar_script_exists_and_executable" time="0.003" /><testcase classname="tests.test_v270" name="test_openmmlab_sidecar_script_exists_and_executable" time="0.003" /><testcase classname="tests.test_v270" name="test_maskdino_sidecar_script_refuses_missing_checkpoint" time="0.004" /><testcase classname="tests.test_v270" name="test_anomaly_fixture_present_for_smoke_script" time="0.003" /><testcase classname="tests.test_v270" name="test_dinov2_real_embed" time="0.000"><skipped type="pytest.skip" message="real model weights not available; set VISIONSERVEX_RUN_REAL_MODEL_TESTS=1">/home/arash/PycharmProjects/VisionServeX/tests/test_v270.py:286: real model weights not available; set VISIONSERVEX_RUN_REAL_MODEL_TESTS=1</skipped></testcase><testcase classname="tests.test_v270" name="test_version_is_at_least_270" time="0.003" /><testcase classname="tests.test_v280" name="test_openmmlab_rtmdet_tiny_coco_model_card_has_real_url" time="0.005" /><testcase classname="tests.test_v280" name="test_openmmlab_rtmpose_m_model_card_unchanged_url" time="0.005" /><testcase classname="tests.test_v280" name="test_openmmlab_smoke_test_obb_returns_schema" time="0.007" /><testcase classname="tests.test_v280" name="test_openmmlab_smoke_test_accepts_device_and_out_flags" time="0.005" /><testcase classname="tests.test_v280" name="test_openmmlab_smoke_test_unknown_model_id_returns_skipped" time="0.005" /><testcase classname="tests.test_v280" name="test_optional_extras_smoke_workflow_exists" time="0.003" /><testcase classname="tests.test_v280" name="test_optional_extras_smoke_workflow_jobs_complete" time="0.005" /><testcase classname="tests.test_v280" name="test_openmmlab_rtmpose_sidecar_script_exists_and_executable" time="0.003" /><testcase classname="tests.test_v280" name="test_rtmpose_sidecar_script_pins_setuptools_below_72" time="0.003" /><testcase classname="tests.test_v280" name="test_version_is_at_least_280" time="0.003" /><testcase classname="tests.test_v290" name="test_readiness_verdict_is_release_ok" time="0.003" /><testcase classname="tests.test_v290" name="test_every_readiness_row_passes_release_rule" time="0.003" /><testcase classname="tests.test_v290" name="test_readiness_table_writes_markdown" time="0.004" /><testcase classname="tests.test_v290" name="test_maskdino_swinl_coco_has_real_checkpoint_url" time="0.003" /><testcase classname="tests.test_v290" name="test_maskdino_validate_now_surfaces_checkpoint_url" time="0.004" /><testcase classname="tests.test_v290" name="test_maskdino_panoptic_entries_registered" time="0.003" /><testcase classname="tests.test_v290" name="test_certified_blocker_maskdino_schema_complete" time="0.003" /><testcase classname="tests.test_v290" name="test_model_zoo_blockers_refresh_emits_certified_payload" time="0.004" /><testcase classname="tests.test_v290" name="test_certified_blockers_all_have_certainty_above_90" time="0.003" /><testcase classname="tests.test_v290" name="test_openmmlab_dockerfile_exists_and_pins_recipe" time="0.003" /><testcase classname="tests.test_v290" name="test_openmmlab_dockerfile_cli_emits_pin_recipe" time="0.005" /><testcase classname="tests.test_v290" name="test_openmmlab_sidecar_smoke_blocked_when_docker_missing" time="0.003"><skipped type="pytest.skip" message="Docker available on this host; blocker path doesn't apply">/home/arash/PycharmProjects/VisionServeX/tests/test_v290.py:194: Docker available on this host; blocker path doesn't apply</skipped></testcase><testcase classname="tests.test_v290" name="test_mmrotate_legacy_dockerfile_exists" time="0.003" /><testcase classname="tests.test_v290" name="test_mmrotate_legacy_build_and_run_scripts_executable" time="0.003" /><testcase classname="tests.test_v290" name="test_obb_smoke_test_payload_includes_legacy_blocker" time="0.005" /><testcase classname="tests.test_v290" name="test_totalsegmentator_script_exists_and_blocks_missing_input" time="0.006" /><testcase classname="tests.test_v290" name="test_version_is_at_least_290" time="0.003" /><testcase classname="tests.test_v31_model_expansion" name="test_activation_kpi_at_least_20" time="0.003" /><testcase classname="tests.test_v31_model_expansion" name="test_no_fake_benchmark_in_activations" time="0.003" /><testcase classname="tests.test_v31_model_expansion" name="test_matrix_no_absent_or_unknown_state[v31_sam_family_matrix.csv]" time="0.004" /><testcase classname="tests.test_v31_model_expansion" name="test_matrix_no_absent_or_unknown_state[v31_dino_family_matrix.csv]" time="0.004" /><testcase classname="tests.test_v31_model_expansion" name="test_sam_family_covers_all_generations" time="0.003" /><testcase classname="tests.test_v31_model_expansion" name="test_pipelines_present_and_classified" time="0.003" /><testcase classname="tests.test_v31_model_expansion" name="test_vsx_facades_explain_contract" time="0.003" /><testcase classname="tests.test_v31_model_expansion" name="test_edgesam_not_regressed" time="0.003" /><testcase classname="tests.test_v31_model_expansion" name="test_cv2_pro_tools_license_safe_and_runnable" time="0.022" /><testcase classname="tests.test_v31_model_expansion" name="test_cv2_pro_ledger_benchmarked" time="0.003" /><testcase classname="tests.test_v31_model_expansion" name="test_no_bad_license_in_default_safe_core" time="0.004" /><testcase classname="tests.test_v31_model_expansion" name="test_gated_models_not_default_safe" time="0.004" /><testcase classname="tests.test_v32_real_model_activation" name="test_real_activations_have_evidence_and_new_mode" time="0.003" /><testcase classname="tests.test_v32_real_model_activation" name="test_no_fake_benchmark_passed_without_evidence" time="0.003" /><testcase classname="tests.test_v32_real_model_activation" name="test_blocker_table_has_escalation_and_next_command" time="0.003" /><testcase classname="tests.test_v32_real_model_activation" name="test_byot_no_token_leak_and_no_mirroring" time="0.003" /><testcase classname="tests.test_v32_real_model_activation" name="test_onnx_export_runs_for_eligible_only" time="0.003" /><testcase classname="tests.test_v32_real_model_activation" name="test_sidecar_ledger_logs_exact_blocker" time="0.003" /><testcase classname="tests.test_v32_real_model_activation" name="test_no_bad_license_in_core_still_holds" time="0.004" /><testcase classname="tests.test_v3_audit" name="test_readme_has_no_internal_readiness_percentages" time="0.003" /><testcase classname="tests.test_v3_audit" name="test_readme_contains_required_public_sections" time="0.003" /><testcase classname="tests.test_v3_audit" name="test_readiness_docs_moved_to_release_readiness_dir" time="0.003" /><testcase classname="tests.test_v3_audit" name="test_load_matrix_lists_every_registry_model_exactly_once" time="0.003" /><testcase classname="tests.test_v3_audit" name="test_load_matrix_assigns_a_known_mode_to_every_row" time="0.003" /><testcase classname="tests.test_v3_audit" name="test_load_matrix_every_row_has_smoke_command" time="0.003" /><testcase classname="tests.test_v3_audit" name="test_load_matrix_cli_writes_json" time="0.006" /><testcase classname="tests.test_v3_audit" name="test_load_matrix_cli_writes_markdown" time="0.006" /><testcase classname="tests.test_v3_audit" name="test_cli_subapp_help_does_not_crash[detect]" time="0.361" /><testcase classname="tests.test_v3_audit" name="test_cli_subapp_help_does_not_crash[open-vocab]" time="0.364" /><testcase classname="tests.test_v3_audit" name="test_cli_subapp_help_does_not_crash[segment]" time="0.362" /><testcase classname="tests.test_v3_audit" name="test_cli_subapp_help_does_not_crash[classify]" time="0.353" /><testcase classname="tests.test_v3_audit" name="test_cli_subapp_help_does_not_crash[embed]" time="0.357" /><testcase classname="tests.test_v3_audit" name="test_cli_subapp_help_does_not_crash[similarity]" time="0.367" /><testcase classname="tests.test_v3_audit" name="test_cli_subapp_help_does_not_crash[video-search]" time="0.356" /><testcase classname="tests.test_v3_audit" name="test_cli_subapp_help_does_not_crash[anomaly]" time="0.370" /><testcase classname="tests.test_v3_audit" name="test_cli_subapp_help_does_not_crash[medical]" time="0.358" /><testcase classname="tests.test_v3_audit" name="test_cli_subapp_help_does_not_crash[openmmlab]" time="0.362" /><testcase classname="tests.test_v3_audit" name="test_cli_subapp_help_does_not_crash[maskdino]" time="0.391" /><testcase classname="tests.test_v3_audit" name="test_cli_subapp_help_does_not_crash[sam-family]" time="0.358" /><testcase classname="tests.test_v3_audit" name="test_cli_subapp_help_does_not_crash[agriculture]" time="0.360" /><testcase classname="tests.test_v3_audit" name="test_cli_subapp_help_does_not_crash[aerial]" time="0.355" /><testcase classname="tests.test_v3_audit" name="test_cli_subapp_help_does_not_crash[benchmark-classification]" time="0.362" /><testcase classname="tests.test_v3_audit" name="test_cli_subapp_help_does_not_crash[benchmark-anomaly]" time="0.373" /><testcase classname="tests.test_v3_audit" name="test_cli_subapp_help_does_not_crash[benchmark-surveillance-search]" time="0.363" /><testcase classname="tests.test_v3_audit" name="test_cli_subapp_help_does_not_crash[benchmark-open-vocab]" time="0.379" /><testcase classname="tests.test_v3_audit" name="test_cli_subapp_help_does_not_crash[model-zoo]" time="0.356" /><testcase classname="tests.test_v3_audit" name="test_cli_subapp_help_does_not_crash[models]" time="0.354" /><testcase classname="tests.test_v3_audit" name="test_cli_subapp_help_does_not_crash[readiness]" time="0.354" /><testcase classname="tests.test_v3_audit" name="test_cli_subapp_help_does_not_crash[florence2]" time="0.363" /><testcase classname="tests.test_v3_audit" name="test_visionservex_version_subcommand_works" time="0.345" /><testcase classname="tests.test_v3_audit" name="test_readiness_verdict_still_release_ok" time="0.004" /><testcase classname="tests.test_warning_classification_v2160" name="test_returncode_zero_clean_stderr_is_ok_clean" time="0.003" /><testcase classname="tests.test_warning_classification_v2160" name="test_chat_template_warning_is_ok_with_warning" time="0.003" /><testcase classname="tests.test_warning_classification_v2160" name="test_traceback_is_failed_runtime" time="0.003" /><testcase classname="tests.test_warning_classification_v2160" name="test_usage_error_is_failed_usage" time="0.003" /><testcase classname="tests.test_warning_classification_v2160" name="test_structured_expected_blocker_is_expected_blocker" time="0.003" /><testcase classname="tests.test_warning_classification_v2160" name="test_strict_mode_promotes_expected_blocker_to_failed" time="0.003" /><testcase classname="tests.test_warning_classification_v2160" name="test_anomalib_required_code_is_expected_blocker" time="0.003" /><testcase classname="tests.test_warning_classification_v2160" name="test_missing_output_path_is_failed_output_missing" time="0.003" /><testcase classname="tests.test_warning_classification_v2160" name="test_bad_json_artifact_is_failed_json_parse" time="0.003" /><testcase classname="tests.test_warning_classification_v2160" name="test_valid_json_artifact_is_ok_clean" time="0.003" /><testcase classname="tests.test_warning_classification_v2160" name="test_unexplained_stderr_with_zero_returncode_is_warning" time="0.003" /><testcase classname="tests.test_warning_classification_v2160" name="test_nonzero_returncode_with_no_obvious_cause_is_failed_runtime" time="0.003" /><testcase classname="tests.test_warning_classification_v2160" name="test_all_statuses_are_in_STATUS_LEVELS" time="0.006" /></testsuite></testsuites>